#
# There is insufficient memory for the Java Runtime Environment to continue.
# Native memory allocation (malloc) failed to allocate 32744 bytes. Error detail: Chunk::new
# Possible reasons:
#   The system is out of physical RAM or swap space
#   This process is running with CompressedOops enabled, and the Java Heap may be blocking the growth of the native heap
# Possible solutions:
#   Reduce memory load on the system
#   Increase physical memory or swap space
#   Check if swap backing store is full
#   Decrease Java heap size (-Xmx/-Xms)
#   Decrease number of Java threads
#   Decrease Java thread stack sizes (-Xss)
#   Set larger code cache with -XX:ReservedCodeCacheSize=
#   JVM is running with Unscaled Compressed Oops mode in which the Java heap is
#     placed in the first 4GB address space. The Java Heap base address is the
#     maximum limit for the native heap growth. Please use -XX:HeapBaseMinAddress
#     to set the Java Heap base and to place the Java Heap above 4GB virtual address.
# This output file may be truncated or incomplete.
#
#  Out of Memory Error (arena.cpp:150), pid=18724, tid=20196
#
# JRE version: OpenJDK Runtime Environment Temurin-22.0.2+9 (22.0.2+9) (build 22.0.2+9)
# Java VM: OpenJDK 64-Bit Server VM Temurin-22.0.2+9 (22.0.2+9, mixed mode, tiered, compressed oops, compressed class ptrs, g1 gc, windows-amd64)
# No core dump will be written. Minidumps are not enabled by default on client versions of Windows
#

---------------  S U M M A R Y ------------

Command Line: -Dmaven.home=EMBEDDED -Dclassworlds.conf=C:\Users\hp\eclipse-workspace-2024\.metadata\.plugins\org.eclipse.m2e.launching\launches\m2conf3903756681466773810.tmp -Dmaven.multiModuleProjectDirectory=C:\Users\hp\Desktop\Personal Expense Tracker\Github\Personal-Expense-Tracker-Application-master\expense-tracker -Dm2e.build.project.data.socket.port=49277 -Dfile.encoding=UTF-8 -Dstdout.encoding=UTF-8 -Dstderr.encoding=UTF-8 -XX:+ShowCodeDetailsInExceptionMessages org.codehaus.plexus.classworlds.launcher.Launcher -B -Dstyle.color=always install

Host: Intel(R) Core(TM) i5-8265U CPU @ 1.60GHz, 8 cores, 7G,  Windows 11 , 64 bit Build 22621 (10.0.22621.5262)
Time: Fri Jun 27 00:47:27 2025 India Standard Time elapsed time: 15.760121 seconds (0d 0h 0m 15s)

---------------  T H R E A D  ---------------

Current thread (0x00000160e130e380):  JavaThread "C2 CompilerThread0" daemon [_thread_in_native, id=20196, stack(0x0000000982600000,0x0000000982700000) (1024K)]


Current CompileTask:
C2:15760 7509   !   4       java.lang.ClassLoader::loadClass (121 bytes)

Stack: [0x0000000982600000,0x0000000982700000]
Native frames: (J=compiled Java code, j=interpreted, Vv=VM code, C=native code)
V  [jvm.dll+0x6ea6a9]  (no source info available)
V  [jvm.dll+0x8cdbf3]  (no source info available)
V  [jvm.dll+0x8d001e]  (no source info available)
V  [jvm.dll+0x8d06f3]  (no source info available)
V  [jvm.dll+0x286dc6]  (no source info available)
V  [jvm.dll+0xc3b8f]  (no source info available)
V  [jvm.dll+0xc3deb]  (no source info available)
V  [jvm.dll+0x3c74cd]  (no source info available)
V  [jvm.dll+0x3c6cf1]  (no source info available)
V  [jvm.dll+0x3c6d34]  (no source info available)
V  [jvm.dll+0x5f38bb]  (no source info available)
V  [jvm.dll+0x5f4075]  (no source info available)
V  [jvm.dll+0x38e48a]  (no source info available)
V  [jvm.dll+0x38d8ba]  (no source info available)
V  [jvm.dll+0x24dd98]  (no source info available)
V  [jvm.dll+0x24d43f]  (no source info available)
V  [jvm.dll+0x1cacf0]  (no source info available)
V  [jvm.dll+0x25d312]  (no source info available)
V  [jvm.dll+0x25b5da]  (no source info available)
V  [jvm.dll+0x3fc036]  (no source info available)
V  [jvm.dll+0x875e6b]  (no source info available)
V  [jvm.dll+0x6e8da5]  (no source info available)
C  [ucrtbase.dll+0x29333]  (no source info available)
C  [KERNEL32.DLL+0x1259d]  (no source info available)
C  [ntdll.dll+0x5af58]  (no source info available)


---------------  P R O C E S S  ---------------

Threads class SMR info:
_java_thread_list=0x00000160e8454490, length=13, elements={
0x00000160c817f570, 0x00000160e12b9320, 0x00000160e12bae90, 0x00000160e12e8fe0,
0x00000160e12e9a40, 0x00000160e12eadf0, 0x00000160e12ed7b0, 0x00000160e130e380,
0x00000160e130fbe0, 0x00000160e13d9660, 0x00000160e13d9cf0, 0x00000160e97310b0,
0x00000160e9d77020
}

Java Threads: ( => current thread )
  0x00000160c817f570 JavaThread "main"                              [_thread_blocked, id=9164, stack(0x0000000981800000,0x0000000981900000) (1024K)]
  0x00000160e12b9320 JavaThread "Reference Handler"          daemon [_thread_blocked, id=9800, stack(0x0000000982000000,0x0000000982100000) (1024K)]
  0x00000160e12bae90 JavaThread "Finalizer"                  daemon [_thread_blocked, id=18712, stack(0x0000000982100000,0x0000000982200000) (1024K)]
  0x00000160e12e8fe0 JavaThread "Signal Dispatcher"          daemon [_thread_blocked, id=3864, stack(0x0000000982200000,0x0000000982300000) (1024K)]
  0x00000160e12e9a40 JavaThread "Attach Listener"            daemon [_thread_blocked, id=2924, stack(0x0000000982300000,0x0000000982400000) (1024K)]
  0x00000160e12eadf0 JavaThread "Service Thread"             daemon [_thread_blocked, id=14356, stack(0x0000000982400000,0x0000000982500000) (1024K)]
  0x00000160e12ed7b0 JavaThread "Monitor Deflation Thread"   daemon [_thread_blocked, id=16868, stack(0x0000000982500000,0x0000000982600000) (1024K)]
=>0x00000160e130e380 JavaThread "C2 CompilerThread0"         daemon [_thread_in_native, id=20196, stack(0x0000000982600000,0x0000000982700000) (1024K)]
  0x00000160e130fbe0 JavaThread "C1 CompilerThread0"         daemon [_thread_blocked, id=13656, stack(0x0000000982700000,0x0000000982800000) (1024K)]
  0x00000160e13d9660 JavaThread "Notification Thread"        daemon [_thread_blocked, id=15608, stack(0x0000000982800000,0x0000000982900000) (1024K)]
  0x00000160e13d9cf0 JavaThread "Common-Cleaner"             daemon [_thread_blocked, id=8, stack(0x0000000982900000,0x0000000982a00000) (1024K)]
  0x00000160e97310b0 JavaThread "C2 CompilerThread1"         daemon [_thread_in_native, id=14848, stack(0x0000000982b00000,0x0000000982c00000) (1024K)]
  0x00000160e9d77020 JavaThread "C2 CompilerThread2"         daemon [_thread_in_native, id=15604, stack(0x0000000983400000,0x0000000983500000) (1024K)]
Total: 13

Other Threads:
  0x00000160e1273c90 VMThread "VM Thread"                           [id=4672, stack(0x0000000981f00000,0x0000000982000000) (1024K)]
  0x00000160e11ec870 WatcherThread "VM Periodic Task Thread"        [id=2712, stack(0x0000000981e00000,0x0000000981f00000) (1024K)]
  0x00000160c81d54b0 WorkerThread "GC Thread#0"                     [id=17104, stack(0x0000000981900000,0x0000000981a00000) (1024K)]
  0x00000160e70ceac0 WorkerThread "GC Thread#1"                     [id=19040, stack(0x0000000982c00000,0x0000000982d00000) (1024K)]
  0x00000160e70cee70 WorkerThread "GC Thread#2"                     [id=12376, stack(0x0000000982d00000,0x0000000982e00000) (1024K)]
  0x00000160e70cf220 WorkerThread "GC Thread#3"                     [id=3352, stack(0x0000000982e00000,0x0000000982f00000) (1024K)]
  0x00000160e67feb40 WorkerThread "GC Thread#4"                     [id=9664, stack(0x0000000982f00000,0x0000000983000000) (1024K)]
  0x00000160e6ca3020 WorkerThread "GC Thread#5"                     [id=15628, stack(0x0000000983000000,0x0000000983100000) (1024K)]
  0x00000160e703d640 WorkerThread "GC Thread#6"                     [id=19872, stack(0x0000000983100000,0x0000000983200000) (1024K)]
  0x00000160e6d19510 WorkerThread "GC Thread#7"                     [id=19576, stack(0x0000000983200000,0x0000000983300000) (1024K)]
  0x00000160c81e8990 ConcurrentGCThread "G1 Main Marker"            [id=17436, stack(0x0000000981a00000,0x0000000981b00000) (1024K)]
  0x00000160c81e93b0 WorkerThread "G1 Conc#0"                       [id=11008, stack(0x0000000981b00000,0x0000000981c00000) (1024K)]
  0x00000160e70e3610 WorkerThread "G1 Conc#1"                       [id=19024, stack(0x0000000983300000,0x0000000983400000) (1024K)]
  0x00000160e10b3070 ConcurrentGCThread "G1 Refine#0"               [id=13100, stack(0x0000000981c00000,0x0000000981d00000) (1024K)]
  0x00000160e10b3b00 ConcurrentGCThread "G1 Service"                [id=1268, stack(0x0000000981d00000,0x0000000981e00000) (1024K)]
Total: 15

Threads with active compile tasks:
C2 CompilerThread0  16466 7509   !   4       java.lang.ClassLoader::loadClass (121 bytes)
C2 CompilerThread1  16466 7681   !   4       java.util.jar.Attributes::read (494 bytes)
C2 CompilerThread2  16466 7638       4       org.eclipse.aether.util.graph.transformer.ConflictResolver::gatherConflictItems (111 bytes)
Total: 3

VM state: not at safepoint (normal execution)

VM Mutex/Monitor currently owned by a thread: None

OutOfMemory and StackOverflow Exception counts:
OutOfMemoryError java_heap_errors=1
LinkageErrors=65

Heap address: 0x0000000081c00000, size: 2020 MB, Compressed Oops mode: 32-bit

CDS archive(s) not mapped
Compressed class space mapped at: 0x0000000005000000-0x0000000045000000, reserved size: 1073741824
Narrow klass base: 0x0000000000000000, Narrow klass shift: 0, Narrow klass range: 0x45000000

GC Precious Log:
 CardTable entry size: 512
 Card Set container configuration: InlinePtr #cards 5 size 8 Array Of Cards #cards 12 size 40 Howl #buckets 4 coarsen threshold 1843 Howl Bitmap #cards 512 size 80 coarsen threshold 460 Card regions per heap region 1 cards per card region 2048
 CPUs: 8 total, 8 available
 Memory: 8078M
 Large Page Support: Disabled
 NUMA Support: Disabled
 Compressed Oops: Enabled (32-bit)
 Heap Region Size: 1M
 Heap Min Capacity: 8M
 Heap Initial Capacity: 128M
 Heap Max Capacity: 2020M
 Pre-touch: Disabled
 Parallel Workers: 8
 Concurrent Workers: 2
 Concurrent Refinement Workers: 8
 Periodic GC: Disabled

Heap:
 garbage-first heap   total reserved 2068480K, committed 109568K, used 80014K [0x0000000081c00000, 0x0000000100000000)
  region size 1024K, 20 young (20480K), 5 survivors (5120K)
 Metaspace       used 44878K, committed 45440K, reserved 1114112K
  class space    used 4952K, committed 5184K, reserved 1048576K

Heap Regions: E=young(eden), S=young(survivor), O=old, HS=humongous(starts), HC=humongous(continues), CS=collection set, F=free, TAMS=top-at-mark-start, PB=parsable bottom
|   0|0x0000000081c00000, 0x0000000081d00000, 0x0000000081d00000|100%| O|  |TAMS 0x0000000081c00000| PB 0x0000000081c00000| Untracked |  0
|   1|0x0000000081d00000, 0x0000000081e00000, 0x0000000081e00000|100%| O|  |TAMS 0x0000000081d00000| PB 0x0000000081d00000| Untracked |  0
|   2|0x0000000081e00000, 0x0000000081f00000, 0x0000000081f00000|100%| O|  |TAMS 0x0000000081e00000| PB 0x0000000081e00000| Untracked |  0
|   3|0x0000000081f00000, 0x0000000082000000, 0x0000000082000000|100%| O|  |TAMS 0x0000000081f00000| PB 0x0000000081f00000| Untracked |  0
|   4|0x0000000082000000, 0x0000000082100000, 0x0000000082100000|100%| O|  |TAMS 0x0000000082000000| PB 0x0000000082000000| Untracked |  0
|   5|0x0000000082100000, 0x0000000082200000, 0x0000000082200000|100%| O|  |TAMS 0x0000000082100000| PB 0x0000000082100000| Untracked |  0
|   6|0x0000000082200000, 0x0000000082300000, 0x0000000082300000|100%| O|  |TAMS 0x0000000082200000| PB 0x0000000082200000| Untracked |  0
|   7|0x0000000082300000, 0x0000000082400000, 0x0000000082400000|100%| O|  |TAMS 0x0000000082300000| PB 0x0000000082300000| Untracked |  0
|   8|0x0000000082400000, 0x0000000082500000, 0x0000000082500000|100%| O|  |TAMS 0x0000000082400000| PB 0x0000000082400000| Untracked |  0
|   9|0x0000000082500000, 0x0000000082600000, 0x0000000082600000|100%| O|  |TAMS 0x0000000082500000| PB 0x0000000082500000| Untracked |  0
|  10|0x0000000082600000, 0x0000000082700000, 0x0000000082700000|100%| O|  |TAMS 0x0000000082600000| PB 0x0000000082600000| Untracked |  0
|  11|0x0000000082700000, 0x0000000082800000, 0x0000000082800000|100%| O|  |TAMS 0x0000000082700000| PB 0x0000000082700000| Untracked |  0
|  12|0x0000000082800000, 0x0000000082900000, 0x0000000082900000|100%| O|  |TAMS 0x0000000082800000| PB 0x0000000082800000| Untracked |  0
|  13|0x0000000082900000, 0x0000000082a00000, 0x0000000082a00000|100%| O|  |TAMS 0x0000000082900000| PB 0x0000000082900000| Untracked |  0
|  14|0x0000000082a00000, 0x0000000082b00000, 0x0000000082b00000|100%| O|  |TAMS 0x0000000082a00000| PB 0x0000000082a00000| Untracked |  0
|  15|0x0000000082b00000, 0x0000000082c00000, 0x0000000082c00000|100%| O|  |TAMS 0x0000000082b00000| PB 0x0000000082b00000| Untracked |  0
|  16|0x0000000082c00000, 0x0000000082d00000, 0x0000000082d00000|100%| O|  |TAMS 0x0000000082c00000| PB 0x0000000082c00000| Untracked |  0
|  17|0x0000000082d00000, 0x0000000082e00000, 0x0000000082e00000|100%|HS|  |TAMS 0x0000000082d00000| PB 0x0000000082d00000| Complete |  0
|  18|0x0000000082e00000, 0x0000000082f00000, 0x0000000082f00000|100%| O|  |TAMS 0x0000000082e00000| PB 0x0000000082e00000| Untracked |  0
|  19|0x0000000082f00000, 0x0000000083000000, 0x0000000083000000|100%| O|Cm|TAMS 0x0000000082f00000| PB 0x0000000082f00000| Complete |  0
|  20|0x0000000083000000, 0x0000000083100000, 0x0000000083100000|100%| O|Cm|TAMS 0x0000000083000000| PB 0x0000000083000000| Complete |  0
|  21|0x0000000083100000, 0x0000000083200000, 0x0000000083200000|100%| O|  |TAMS 0x0000000083100000| PB 0x0000000083100000| Untracked |  0
|  22|0x0000000083200000, 0x0000000083300000, 0x0000000083300000|100%| O|  |TAMS 0x0000000083200000| PB 0x0000000083200000| Untracked |  0
|  23|0x0000000083300000, 0x0000000083400000, 0x0000000083400000|100%| O|  |TAMS 0x0000000083300000| PB 0x0000000083300000| Untracked |  0
|  24|0x0000000083400000, 0x0000000083500000, 0x0000000083500000|100%| O|  |TAMS 0x0000000083400000| PB 0x0000000083400000| Untracked |  0
|  25|0x0000000083500000, 0x0000000083600000, 0x0000000083600000|100%| O|  |TAMS 0x0000000083500000| PB 0x0000000083500000| Untracked |  0
|  26|0x0000000083600000, 0x0000000083700000, 0x0000000083700000|100%|HS|  |TAMS 0x0000000083600000| PB 0x0000000083600000| Complete |  0
|  27|0x0000000083700000, 0x0000000083800000, 0x0000000083800000|100%|HC|  |TAMS 0x0000000083700000| PB 0x0000000083700000| Complete |  0
|  28|0x0000000083800000, 0x0000000083900000, 0x0000000083900000|100%|HS|  |TAMS 0x0000000083800000| PB 0x0000000083800000| Complete |  0
|  29|0x0000000083900000, 0x0000000083a00000, 0x0000000083a00000|100%|HC|  |TAMS 0x0000000083900000| PB 0x0000000083900000| Complete |  0
|  30|0x0000000083a00000, 0x0000000083b00000, 0x0000000083b00000|100%|HS|  |TAMS 0x0000000083a00000| PB 0x0000000083a00000| Complete |  0
|  31|0x0000000083b00000, 0x0000000083c00000, 0x0000000083c00000|100%|HC|  |TAMS 0x0000000083b00000| PB 0x0000000083b00000| Complete |  0
|  32|0x0000000083c00000, 0x0000000083d00000, 0x0000000083d00000|100%|HS|  |TAMS 0x0000000083c00000| PB 0x0000000083c00000| Complete |  0
|  33|0x0000000083d00000, 0x0000000083e00000, 0x0000000083e00000|100%|HC|  |TAMS 0x0000000083d00000| PB 0x0000000083d00000| Complete |  0
|  34|0x0000000083e00000, 0x0000000083f00000, 0x0000000083f00000|100%|HS|  |TAMS 0x0000000083e00000| PB 0x0000000083e00000| Complete |  0
|  35|0x0000000083f00000, 0x0000000084000000, 0x0000000084000000|100%|HC|  |TAMS 0x0000000083f00000| PB 0x0000000083f00000| Complete |  0
|  36|0x0000000084000000, 0x0000000084100000, 0x0000000084100000|100%|HS|  |TAMS 0x0000000084000000| PB 0x0000000084000000| Complete |  0
|  37|0x0000000084100000, 0x0000000084200000, 0x0000000084200000|100%|HS|  |TAMS 0x0000000084100000| PB 0x0000000084100000| Complete |  0
|  38|0x0000000084200000, 0x0000000084300000, 0x0000000084300000|100%|HC|  |TAMS 0x0000000084200000| PB 0x0000000084200000| Complete |  0
|  39|0x0000000084300000, 0x00000000843ff790, 0x0000000084400000| 99%| O|  |TAMS 0x0000000084300000| PB 0x0000000084300000| Untracked |  0
|  40|0x0000000084400000, 0x0000000084500000, 0x0000000084500000|100%|HS|  |TAMS 0x0000000084400000| PB 0x0000000084400000| Complete |  0
|  41|0x0000000084500000, 0x0000000084600000, 0x0000000084600000|100%|HC|  |TAMS 0x0000000084500000| PB 0x0000000084500000| Complete |  0
|  42|0x0000000084600000, 0x0000000084700000, 0x0000000084700000|100%|HS|  |TAMS 0x0000000084600000| PB 0x0000000084600000| Complete |  0
|  43|0x0000000084700000, 0x0000000084800000, 0x0000000084800000|100%|HC|  |TAMS 0x0000000084700000| PB 0x0000000084700000| Complete |  0
|  44|0x0000000084800000, 0x0000000084900000, 0x0000000084900000|100%|HS|  |TAMS 0x0000000084800000| PB 0x0000000084800000| Complete |  0
|  45|0x0000000084900000, 0x0000000084a00000, 0x0000000084a00000|100%|HC|  |TAMS 0x0000000084900000| PB 0x0000000084900000| Complete |  0
|  46|0x0000000084a00000, 0x0000000084b00000, 0x0000000084b00000|100%|HS|  |TAMS 0x0000000084a00000| PB 0x0000000084a00000| Complete |  0
|  47|0x0000000084b00000, 0x0000000084c00000, 0x0000000084c00000|100%|HC|  |TAMS 0x0000000084b00000| PB 0x0000000084b00000| Complete |  0
|  48|0x0000000084c00000, 0x0000000084d00000, 0x0000000084d00000|100%|HS|  |TAMS 0x0000000084c00000| PB 0x0000000084c00000| Complete |  0
|  49|0x0000000084d00000, 0x0000000084e00000, 0x0000000084e00000|100%|HC|  |TAMS 0x0000000084d00000| PB 0x0000000084d00000| Complete |  0
|  50|0x0000000084e00000, 0x0000000084f00000, 0x0000000084f00000|100%|HS|  |TAMS 0x0000000084e00000| PB 0x0000000084e00000| Complete |  0
|  51|0x0000000084f00000, 0x0000000085000000, 0x0000000085000000|100%|HC|  |TAMS 0x0000000084f00000| PB 0x0000000084f00000| Complete |  0
|  52|0x0000000085000000, 0x0000000085000000, 0x0000000085100000|  0%| F|  |TAMS 0x0000000085000000| PB 0x0000000085000000| Untracked |  0
|  53|0x0000000085100000, 0x0000000085100000, 0x0000000085200000|  0%| F|  |TAMS 0x0000000085100000| PB 0x0000000085100000| Untracked |  0
|  54|0x0000000085200000, 0x0000000085200000, 0x0000000085300000|  0%| F|  |TAMS 0x0000000085200000| PB 0x0000000085200000| Untracked |  0
|  55|0x0000000085300000, 0x0000000085300000, 0x0000000085400000|  0%| F|  |TAMS 0x0000000085300000| PB 0x0000000085300000| Untracked |  0
|  56|0x0000000085400000, 0x0000000085400000, 0x0000000085500000|  0%| F|  |TAMS 0x0000000085400000| PB 0x0000000085400000| Untracked |  0
|  57|0x0000000085500000, 0x0000000085500000, 0x0000000085600000|  0%| F|  |TAMS 0x0000000085500000| PB 0x0000000085500000| Untracked |  0
|  58|0x0000000085600000, 0x0000000085600000, 0x0000000085700000|  0%| F|  |TAMS 0x0000000085600000| PB 0x0000000085600000| Untracked |  0
|  59|0x0000000085700000, 0x0000000085700000, 0x0000000085800000|  0%| F|  |TAMS 0x0000000085700000| PB 0x0000000085700000| Untracked |  0
|  60|0x0000000085800000, 0x0000000085800000, 0x0000000085900000|  0%| F|  |TAMS 0x0000000085800000| PB 0x0000000085800000| Untracked |  0
|  61|0x0000000085900000, 0x0000000085900000, 0x0000000085a00000|  0%| F|  |TAMS 0x0000000085900000| PB 0x0000000085900000| Untracked |  0
|  62|0x0000000085a00000, 0x0000000085a00000, 0x0000000085b00000|  0%| F|  |TAMS 0x0000000085a00000| PB 0x0000000085a00000| Untracked |  0
|  63|0x0000000085b00000, 0x0000000085b00000, 0x0000000085c00000|  0%| F|  |TAMS 0x0000000085b00000| PB 0x0000000085b00000| Untracked |  0
|  64|0x0000000085c00000, 0x0000000085c00000, 0x0000000085d00000|  0%| F|  |TAMS 0x0000000085c00000| PB 0x0000000085c00000| Untracked |  0
|  65|0x0000000085d00000, 0x0000000085d00000, 0x0000000085e00000|  0%| F|  |TAMS 0x0000000085d00000| PB 0x0000000085d00000| Untracked |  0
|  66|0x0000000085e00000, 0x0000000085e00000, 0x0000000085f00000|  0%| F|  |TAMS 0x0000000085e00000| PB 0x0000000085e00000| Untracked |  0
|  67|0x0000000085f00000, 0x0000000085f00000, 0x0000000086000000|  0%| F|  |TAMS 0x0000000085f00000| PB 0x0000000085f00000| Untracked |  0
|  68|0x0000000086000000, 0x0000000086000000, 0x0000000086100000|  0%| F|  |TAMS 0x0000000086000000| PB 0x0000000086000000| Untracked |  0
|  69|0x0000000086100000, 0x0000000086100000, 0x0000000086200000|  0%| F|  |TAMS 0x0000000086100000| PB 0x0000000086100000| Untracked |  0
|  70|0x0000000086200000, 0x0000000086200000, 0x0000000086300000|  0%| F|  |TAMS 0x0000000086200000| PB 0x0000000086200000| Untracked |  0
|  71|0x0000000086300000, 0x0000000086324080, 0x0000000086400000| 14%| S|CS|TAMS 0x0000000086300000| PB 0x0000000086300000| Complete |  0
|  72|0x0000000086400000, 0x0000000086500000, 0x0000000086500000|100%| S|CS|TAMS 0x0000000086400000| PB 0x0000000086400000| Complete |  0
|  73|0x0000000086500000, 0x0000000086600000, 0x0000000086600000|100%| S|CS|TAMS 0x0000000086500000| PB 0x0000000086500000| Complete |  0
|  74|0x0000000086600000, 0x0000000086700000, 0x0000000086700000|100%| S|CS|TAMS 0x0000000086600000| PB 0x0000000086600000| Complete |  0
|  75|0x0000000086700000, 0x0000000086800000, 0x0000000086800000|100%| S|CS|TAMS 0x0000000086700000| PB 0x0000000086700000| Complete |  0
|  76|0x0000000086800000, 0x0000000086800000, 0x0000000086900000|  0%| F|  |TAMS 0x0000000086800000| PB 0x0000000086800000| Untracked |  0
|  77|0x0000000086900000, 0x0000000086900000, 0x0000000086a00000|  0%| F|  |TAMS 0x0000000086900000| PB 0x0000000086900000| Untracked |  0
|  78|0x0000000086a00000, 0x0000000086a00000, 0x0000000086b00000|  0%| F|  |TAMS 0x0000000086a00000| PB 0x0000000086a00000| Untracked |  0
|  79|0x0000000086b00000, 0x0000000086b00000, 0x0000000086c00000|  0%| F|  |TAMS 0x0000000086b00000| PB 0x0000000086b00000| Untracked |  0
|  80|0x0000000086c00000, 0x0000000086c00000, 0x0000000086d00000|  0%| F|  |TAMS 0x0000000086c00000| PB 0x0000000086c00000| Untracked |  0
|  81|0x0000000086d00000, 0x0000000086d00000, 0x0000000086e00000|  0%| F|  |TAMS 0x0000000086d00000| PB 0x0000000086d00000| Untracked |  0
|  82|0x0000000086e00000, 0x0000000086e00000, 0x0000000086f00000|  0%| F|  |TAMS 0x0000000086e00000| PB 0x0000000086e00000| Untracked |  0
|  83|0x0000000086f00000, 0x0000000086f00000, 0x0000000087000000|  0%| F|  |TAMS 0x0000000086f00000| PB 0x0000000086f00000| Untracked |  0
|  84|0x0000000087000000, 0x0000000087100000, 0x0000000087100000|100%| E|CS|TAMS 0x0000000087000000| PB 0x0000000087000000| Complete |  0
|  85|0x0000000087100000, 0x000000008713bbf0, 0x0000000087200000| 23%| E|  |TAMS 0x0000000087100000| PB 0x0000000087100000| Complete |  0
|  86|0x0000000087200000, 0x0000000087300000, 0x0000000087300000|100%| E|CS|TAMS 0x0000000087200000| PB 0x0000000087200000| Complete |  0
|  87|0x0000000087300000, 0x0000000087400000, 0x0000000087400000|100%| E|CS|TAMS 0x0000000087300000| PB 0x0000000087300000| Complete |  0
|  88|0x0000000087400000, 0x0000000087500000, 0x0000000087500000|100%| E|CS|TAMS 0x0000000087400000| PB 0x0000000087400000| Complete |  0
|  89|0x0000000087500000, 0x0000000087600000, 0x0000000087600000|100%| E|CS|TAMS 0x0000000087500000| PB 0x0000000087500000| Complete |  0
|  90|0x0000000087600000, 0x0000000087700000, 0x0000000087700000|100%| E|CS|TAMS 0x0000000087600000| PB 0x0000000087600000| Complete |  0
|  91|0x0000000087700000, 0x0000000087800000, 0x0000000087800000|100%| E|CS|TAMS 0x0000000087700000| PB 0x0000000087700000| Complete |  0
|  92|0x0000000087800000, 0x0000000087900000, 0x0000000087900000|100%| E|CS|TAMS 0x0000000087800000| PB 0x0000000087800000| Complete |  0
|  93|0x0000000087900000, 0x0000000087a00000, 0x0000000087a00000|100%| E|CS|TAMS 0x0000000087900000| PB 0x0000000087900000| Complete |  0
|  94|0x0000000087a00000, 0x0000000087b00000, 0x0000000087b00000|100%| E|CS|TAMS 0x0000000087a00000| PB 0x0000000087a00000| Complete |  0
|  95|0x0000000087b00000, 0x0000000087c00000, 0x0000000087c00000|100%| E|CS|TAMS 0x0000000087b00000| PB 0x0000000087b00000| Complete |  0
|  96|0x0000000087c00000, 0x0000000087d00000, 0x0000000087d00000|100%| E|CS|TAMS 0x0000000087c00000| PB 0x0000000087c00000| Complete |  0
|  97|0x0000000087d00000, 0x0000000087e00000, 0x0000000087e00000|100%| E|CS|TAMS 0x0000000087d00000| PB 0x0000000087d00000| Complete |  0
| 127|0x0000000089b00000, 0x0000000089c00000, 0x0000000089c00000|100%| E|CS|TAMS 0x0000000089b00000| PB 0x0000000089b00000| Complete |  0
|2012|0x00000000ff800000, 0x00000000ff900000, 0x00000000ff900000|100%| O|  |TAMS 0x00000000ff800000| PB 0x00000000ff800000| Untracked |  0
|2013|0x00000000ff900000, 0x00000000ffa00000, 0x00000000ffa00000|100%| O|Cm|TAMS 0x00000000ff900000| PB 0x00000000ff900000| Complete |  0
|2014|0x00000000ffa00000, 0x00000000ffb00000, 0x00000000ffb00000|100%| O|  |TAMS 0x00000000ffa00000| PB 0x00000000ffa00000| Untracked |  0
|2015|0x00000000ffb00000, 0x00000000ffc00000, 0x00000000ffc00000|100%| O|  |TAMS 0x00000000ffb00000| PB 0x00000000ffb00000| Untracked |  0
|2016|0x00000000ffc00000, 0x00000000ffd00000, 0x00000000ffd00000|100%| O|  |TAMS 0x00000000ffc00000| PB 0x00000000ffc00000| Untracked |  0
|2017|0x00000000ffd00000, 0x00000000ffe00000, 0x00000000ffe00000|100%| O|  |TAMS 0x00000000ffd00000| PB 0x00000000ffd00000| Untracked |  0
|2018|0x00000000ffe00000, 0x00000000fff00000, 0x00000000fff00000|100%| O|  |TAMS 0x00000000ffe00000| PB 0x00000000ffe00000| Untracked |  0
|2019|0x00000000fff00000, 0x0000000100000000, 0x0000000100000000|100%| O|Cm|TAMS 0x00000000fff00000| PB 0x00000000fff00000| Complete |  0

Card table byte_map: [0x00000160dc420000,0x00000160dc820000] _byte_map_base: 0x00000160dc012000

Marking Bits: (CMBitMap*) 0x00000160c81d5ad0
 Bits: [0x00000160dc820000, 0x00000160de7b0000)

Polling page: 0x00000160c6350000

Metaspace:

Usage:
  Non-class:     38.99 MB used.
      Class:      4.84 MB used.
       Both:     43.83 MB used.

Virtual space:
  Non-class space:       64.00 MB reserved,      39.31 MB ( 61%) committed,  1 nodes.
      Class space:        1.00 GB reserved,       5.06 MB ( <1%) committed,  1 nodes.
             Both:        1.06 GB reserved,      44.38 MB (  4%) committed. 

Chunk freelists:
   Non-Class:  8.34 MB
       Class:  10.89 MB
        Both:  19.23 MB

MaxMetaspaceSize: unlimited
CompressedClassSpaceSize: 1.00 GB
Initial GC threshold: 21.00 MB
Current GC threshold: 73.75 MB
CDS: off
 - commit_granule_bytes: 65536.
 - commit_granule_words: 8192.
 - virtual_space_node_default_size: 8388608.
 - enlarge_chunks_in_place: 1.
 - use_allocation_guard: 0.


Internal statistics:

num_allocs_failed_limit: 6.
num_arena_births: 484.
num_arena_deaths: 0.
num_vsnodes_births: 2.
num_vsnodes_deaths: 0.
num_space_committed: 710.
num_space_uncommitted: 0.
num_chunks_returned_to_freelist: 6.
num_chunks_taken_from_freelist: 1707.
num_chunk_merges: 6.
num_chunk_splits: 1202.
num_chunks_enlarged: 945.
num_inconsistent_stats: 0.

CodeHeap 'non-profiled nmethods': size=120000Kb used=4218Kb max_used=4365Kb free=115781Kb
 bounds [0x00000160d4160000, 0x00000160d45c0000, 0x00000160db690000]
CodeHeap 'profiled nmethods': size=120000Kb used=14724Kb max_used=15604Kb free=105276Kb
 bounds [0x00000160cc690000, 0x00000160cd5d0000, 0x00000160d3bc0000]
CodeHeap 'non-nmethods': size=5760Kb used=1525Kb max_used=1611Kb free=4234Kb
 bounds [0x00000160d3bc0000, 0x00000160d3e30000, 0x00000160d4160000]
 total_blobs=7597 nmethods=7000 adapters=501
 compilation: enabled
              stopped_count=0, restarted_count=0
 full_count=0

Compilation events (20 events):
Event: 15.692 Thread 0x00000160e130fbe0 nmethod 7685 0x00000160cc932a10 code [0x00000160cc932bc0, 0x00000160cc932d18]
Event: 15.699 Thread 0x00000160e130fbe0 7686       3       java.util.jar.Attributes::<init> (7 bytes)
Event: 15.699 Thread 0x00000160e130fbe0 nmethod 7686 0x00000160cc82da10 code [0x00000160cc82dbc0, 0x00000160cc82de18]
Event: 15.705 Thread 0x00000160e97310b0 nmethod 7617 0x00000160d45afe90 code [0x00000160d45b0520, 0x00000160d45b5758]
Event: 15.705 Thread 0x00000160e130fbe0 7687       3       java.util.jar.Manifest$FastInputStream::<init> (9 bytes)
Event: 15.705 Thread 0x00000160e130fbe0 nmethod 7687 0x00000160cca08890 code [0x00000160cca08a40, 0x00000160cca08e20]
Event: 15.706 Thread 0x00000160e130fbe0 7688       3       java.util.jar.Manifest$FastInputStream::<init> (23 bytes)
Event: 15.706 Thread 0x00000160e97310b0 7681   !   4       java.util.jar.Attributes::read (494 bytes)
Event: 15.706 Thread 0x00000160e130fbe0 nmethod 7688 0x00000160ccad9110 code [0x00000160ccad92c0, 0x00000160ccad9640]
Event: 15.707 Thread 0x00000160e130fbe0 7689       3       java.util.jar.Manifest::read (411 bytes)
Event: 15.711 Thread 0x00000160e130fbe0 nmethod 7689 0x00000160ccc45590 code [0x00000160ccc45a80, 0x00000160ccc47fc0]
Event: 15.714 Thread 0x00000160e130fbe0 7690   !   3       java.util.zip.ZipFile$Source::<init> (170 bytes)
Event: 15.717 Thread 0x00000160e130fbe0 nmethod 7690 0x00000160ccaabd90 code [0x00000160ccaac060, 0x00000160ccaacdc8]
Event: 15.737 Thread 0x00000160e130fbe0 7691       3       java.io.RandomAccessFile$1::<init> (10 bytes)
Event: 15.738 Thread 0x00000160e130fbe0 nmethod 7691 0x00000160cc987510 code [0x00000160cc9876a0, 0x00000160cc987868]
Event: 15.738 Thread 0x00000160e130fbe0 7692       3       java.io.RandomAccessFile$1::close (11 bytes)
Event: 15.739 Thread 0x00000160e130fbe0 nmethod 7692 0x00000160cc838c90 code [0x00000160cc838e80, 0x00000160cc8393a0]
Event: 15.755 Thread 0x00000160e130fbe0 7693   !   3       java.io.RandomAccessFile::length (24 bytes)
Event: 15.756 Thread 0x00000160e130fbe0 nmethod 7693 0x00000160cc89e210 code [0x00000160cc89e3e0, 0x00000160cc89e5f8]
Event: 15.756 Thread 0x00000160e130fbe0 7694       1       java.util.concurrent.CopyOnWriteArrayList::setArray (6 bytes)

GC Heap History (20 events):
Event: 4.292 GC heap before
{Heap before GC invocations=5 (full 0):
 garbage-first heap   total reserved 2068480K, committed 28672K, used 22970K [0x0000000081c00000, 0x0000000100000000)
  region size 1024K, 15 young (15360K), 2 survivors (2048K)
 Metaspace       used 26816K, committed 27072K, reserved 1114112K
  class space    used 2875K, committed 3008K, reserved 1048576K
}
Event: 4.302 GC heap after
{Heap after GC invocations=6 (full 0):
 garbage-first heap   total reserved 2068480K, committed 28672K, used 11542K [0x0000000081c00000, 0x0000000100000000)
  region size 1024K, 2 young (2048K), 2 survivors (2048K)
 Metaspace       used 26816K, committed 27072K, reserved 1114112K
  class space    used 2875K, committed 3008K, reserved 1048576K
}
Event: 4.862 GC heap before
{Heap before GC invocations=6 (full 0):
 garbage-first heap   total reserved 2068480K, committed 28672K, used 22806K [0x0000000081c00000, 0x0000000100000000)
  region size 1024K, 13 young (13312K), 2 survivors (2048K)
 Metaspace       used 27975K, committed 28224K, reserved 1114112K
  class space    used 3016K, committed 3136K, reserved 1048576K
}
Event: 4.870 GC heap after
{Heap after GC invocations=7 (full 0):
 garbage-first heap   total reserved 2068480K, committed 79872K, used 13042K [0x0000000081c00000, 0x0000000100000000)
  region size 1024K, 2 young (2048K), 2 survivors (2048K)
 Metaspace       used 27975K, committed 28224K, reserved 1114112K
  class space    used 3016K, committed 3136K, reserved 1048576K
}
Event: 5.819 GC heap before
{Heap before GC invocations=7 (full 0):
 garbage-first heap   total reserved 2068480K, committed 79872K, used 57074K [0x0000000081c00000, 0x0000000100000000)
  region size 1024K, 46 young (47104K), 2 survivors (2048K)
 Metaspace       used 28441K, committed 28736K, reserved 1114112K
  class space    used 3022K, committed 3136K, reserved 1048576K
}
Event: 5.831 GC heap after
{Heap after GC invocations=8 (full 0):
 garbage-first heap   total reserved 2068480K, committed 79872K, used 16011K [0x0000000081c00000, 0x0000000100000000)
  region size 1024K, 5 young (5120K), 5 survivors (5120K)
 Metaspace       used 28441K, committed 28736K, reserved 1114112K
  class space    used 3022K, committed 3136K, reserved 1048576K
}
Event: 7.214 GC heap before
{Heap before GC invocations=8 (full 0):
 garbage-first heap   total reserved 2068480K, committed 79872K, used 57995K [0x0000000081c00000, 0x0000000100000000)
  region size 1024K, 46 young (47104K), 5 survivors (5120K)
 Metaspace       used 34191K, committed 34624K, reserved 1114112K
  class space    used 3713K, committed 3904K, reserved 1048576K
}
Event: 7.240 GC heap after
{Heap after GC invocations=9 (full 0):
 garbage-first heap   total reserved 2068480K, committed 79872K, used 18023K [0x0000000081c00000, 0x0000000100000000)
  region size 1024K, 5 young (5120K), 5 survivors (5120K)
 Metaspace       used 34191K, committed 34624K, reserved 1114112K
  class space    used 3713K, committed 3904K, reserved 1048576K
}
Event: 7.405 GC heap before
{Heap before GC invocations=9 (full 0):
 garbage-first heap   total reserved 2068480K, committed 79872K, used 23143K [0x0000000081c00000, 0x0000000100000000)
  region size 1024K, 12 young (12288K), 5 survivors (5120K)
 Metaspace       used 35645K, committed 35968K, reserved 1114112K
  class space    used 3881K, committed 4032K, reserved 1048576K
}
Event: 7.415 GC heap after
{Heap after GC invocations=10 (full 0):
 garbage-first heap   total reserved 2068480K, committed 79872K, used 19040K [0x0000000081c00000, 0x0000000100000000)
  region size 1024K, 3 young (3072K), 3 survivors (3072K)
 Metaspace       used 35645K, committed 35968K, reserved 1114112K
  class space    used 3881K, committed 4032K, reserved 1048576K
}
Event: 8.489 GC heap before
{Heap before GC invocations=11 (full 0):
 garbage-first heap   total reserved 2068480K, committed 65536K, used 64096K [0x0000000081c00000, 0x0000000100000000)
  region size 1024K, 46 young (47104K), 3 survivors (3072K)
 Metaspace       used 37491K, committed 37760K, reserved 1114112K
  class space    used 4053K, committed 4160K, reserved 1048576K
}
Event: 8.528 GC heap after
{Heap after GC invocations=12 (full 0):
 garbage-first heap   total reserved 2068480K, committed 79872K, used 32262K [0x0000000081c00000, 0x0000000100000000)
  region size 1024K, 6 young (6144K), 6 survivors (6144K)
 Metaspace       used 37491K, committed 37760K, reserved 1114112K
  class space    used 4053K, committed 4160K, reserved 1048576K
}
Event: 9.486 GC heap before
{Heap before GC invocations=12 (full 0):
 garbage-first heap   total reserved 2068480K, committed 79872K, used 65030K [0x0000000081c00000, 0x0000000100000000)
  region size 1024K, 39 young (39936K), 6 survivors (6144K)
 Metaspace       used 38994K, committed 39424K, reserved 1114112K
  class space    used 4224K, committed 4416K, reserved 1048576K
}
Event: 9.504 GC heap after
{Heap after GC invocations=13 (full 0):
 garbage-first heap   total reserved 2068480K, committed 96256K, used 35328K [0x0000000081c00000, 0x0000000100000000)
  region size 1024K, 3 young (3072K), 3 survivors (3072K)
 Metaspace       used 38994K, committed 39424K, reserved 1114112K
  class space    used 4224K, committed 4416K, reserved 1048576K
}
Event: 10.993 GC heap before
{Heap before GC invocations=13 (full 0):
 garbage-first heap   total reserved 2068480K, committed 96256K, used 79360K [0x0000000081c00000, 0x0000000100000000)
  region size 1024K, 46 young (47104K), 3 survivors (3072K)
 Metaspace       used 41495K, committed 41920K, reserved 1114112K
  class space    used 4528K, committed 4736K, reserved 1048576K
}
Event: 11.005 GC heap after
{Heap after GC invocations=14 (full 0):
 garbage-first heap   total reserved 2068480K, committed 96256K, used 35840K [0x0000000081c00000, 0x0000000100000000)
  region size 1024K, 5 young (5120K), 5 survivors (5120K)
 Metaspace       used 41495K, committed 41920K, reserved 1114112K
  class space    used 4528K, committed 4736K, reserved 1048576K
}
Event: 14.426 GC heap before
{Heap before GC invocations=14 (full 0):
 garbage-first heap   total reserved 2068480K, committed 96256K, used 80896K [0x0000000081c00000, 0x0000000100000000)
  region size 1024K, 49 young (50176K), 5 survivors (5120K)
 Metaspace       used 43395K, committed 43968K, reserved 1114112K
  class space    used 4763K, committed 4992K, reserved 1048576K
}
Event: 14.439 GC heap after
{Heap after GC invocations=15 (full 0):
 garbage-first heap   total reserved 2068480K, committed 96256K, used 39062K [0x0000000081c00000, 0x0000000100000000)
  region size 1024K, 5 young (5120K), 5 survivors (5120K)
 Metaspace       used 43395K, committed 43968K, reserved 1114112K
  class space    used 4763K, committed 4992K, reserved 1048576K
}
Event: 14.772 GC heap before
{Heap before GC invocations=15 (full 0):
 garbage-first heap   total reserved 2068480K, committed 96256K, used 56470K [0x0000000081c00000, 0x0000000100000000)
  region size 1024K, 15 young (15360K), 5 survivors (5120K)
 Metaspace       used 44577K, committed 45056K, reserved 1114112K
  class space    used 4929K, committed 5120K, reserved 1048576K
}
Event: 14.779 GC heap after
{Heap after GC invocations=16 (full 0):
 garbage-first heap   total reserved 2068480K, committed 96256K, used 48270K [0x0000000081c00000, 0x0000000100000000)
  region size 1024K, 5 young (5120K), 5 survivors (5120K)
 Metaspace       used 44577K, committed 45056K, reserved 1114112K
  class space    used 4929K, committed 5120K, reserved 1048576K
}

Dll operation events (9 events):
Event: 0.025 Loaded shared library C:\Users\hp\.p2\pool\plugins\org.eclipse.justj.openjdk.hotspot.jre.full.win32.x86_64_22.0.2.v20240802-1626\jre\bin\java.dll
Event: 0.055 Loaded shared library C:\Users\hp\.p2\pool\plugins\org.eclipse.justj.openjdk.hotspot.jre.full.win32.x86_64_22.0.2.v20240802-1626\jre\bin\zip.dll
Event: 0.230 Loaded shared library C:\Users\hp\.p2\pool\plugins\org.eclipse.justj.openjdk.hotspot.jre.full.win32.x86_64_22.0.2.v20240802-1626\jre\bin\net.dll
Event: 0.234 Loaded shared library C:\Users\hp\.p2\pool\plugins\org.eclipse.justj.openjdk.hotspot.jre.full.win32.x86_64_22.0.2.v20240802-1626\jre\bin\nio.dll
Event: 0.249 Loaded shared library C:\Users\hp\.p2\pool\plugins\org.eclipse.justj.openjdk.hotspot.jre.full.win32.x86_64_22.0.2.v20240802-1626\jre\bin\zip.dll
Event: 0.503 Loaded shared library C:\Users\hp\.p2\pool\plugins\org.eclipse.justj.openjdk.hotspot.jre.full.win32.x86_64_22.0.2.v20240802-1626\jre\bin\jimage.dll
Event: 0.692 Loaded shared library C:\Users\hp\AppData\Local\Temp\jansi-2.4.1-8d493d91bef6537c-jansi.dll
Event: 2.908 Loaded shared library C:\Users\hp\.p2\pool\plugins\org.eclipse.justj.openjdk.hotspot.jre.full.win32.x86_64_22.0.2.v20240802-1626\jre\bin\verify.dll
Event: 3.364 Loaded shared library C:\Users\hp\.p2\pool\plugins\org.eclipse.justj.openjdk.hotspot.jre.full.win32.x86_64_22.0.2.v20240802-1626\jre\bin\extnet.dll

Deoptimization events (20 events):
Event: 14.851 Thread 0x00000160e12bae90 Uncommon trap: trap_request=0xffffffde fr.pc=0x00000160d41f9aa4 relative=0x0000000000000084
Event: 14.851 Thread 0x00000160e12bae90 Uncommon trap: reason=class_check action=maybe_recompile pc=0x00000160d41f9aa4 method=jdk.internal.misc.Blocker.begin()J @ 11 c2
Event: 14.851 Thread 0x00000160e12bae90 DEOPT PACKING pc=0x00000160d41f9aa4 sp=0x00000009821feed0
Event: 14.851 Thread 0x00000160e12bae90 DEOPT UNPACKING pc=0x00000160d3c146a2 sp=0x00000009821fee28 mode 2
Event: 14.856 Thread 0x00000160c817f570 Uncommon trap: trap_request=0xffffff45 fr.pc=0x00000160d4239cac relative=0x000000000000018c
Event: 14.856 Thread 0x00000160c817f570 Uncommon trap: reason=unstable_if action=reinterpret pc=0x00000160d4239cac method=java.util.concurrent.locks.ReentrantLock$NonfairSync.initialTryLock()Z @ 25 c2
Event: 14.856 Thread 0x00000160c817f570 DEOPT PACKING pc=0x00000160d4239cac sp=0x00000009818fdec0
Event: 14.856 Thread 0x00000160c817f570 DEOPT UNPACKING pc=0x00000160d3c146a2 sp=0x00000009818fdda8 mode 2
Event: 15.380 Thread 0x00000160c817f570 Uncommon trap: trap_request=0xffffff76 fr.pc=0x00000160d43f6ab0 relative=0x0000000000000190
Event: 15.380 Thread 0x00000160c817f570 Uncommon trap: reason=predicate action=maybe_recompile pc=0x00000160d43f6ab0 method=java.util.Arrays.binarySearch0([Ljava/lang/Object;IILjava/lang/Object;)I @ 12 c2
Event: 15.380 Thread 0x00000160c817f570 DEOPT PACKING pc=0x00000160d43f6ab0 sp=0x00000009818fe4f0
Event: 15.380 Thread 0x00000160c817f570 DEOPT UNPACKING pc=0x00000160d3c146a2 sp=0x00000009818fe470 mode 2
Event: 15.668 Thread 0x00000160c817f570 DEOPT PACKING pc=0x00000160cca0e6dc sp=0x00000009818fd050
Event: 15.668 Thread 0x00000160c817f570 DEOPT UNPACKING pc=0x00000160d3c14e42 sp=0x00000009818fc648 mode 0
Event: 15.750 Thread 0x00000160c817f570 DEOPT PACKING pc=0x00000160cca0e40d sp=0x00000009818fcfb0
Event: 15.750 Thread 0x00000160c817f570 DEOPT UNPACKING pc=0x00000160d3c14e42 sp=0x00000009818fc570 mode 0
Event: 15.756 Thread 0x00000160c817f570 Uncommon trap: trap_request=0xffffff9d fr.pc=0x00000160d42ec5d0 relative=0x0000000000000470
Event: 15.756 Thread 0x00000160c817f570 Uncommon trap: reason=unreached action=reinterpret pc=0x00000160d42ec5d0 method=java.util.zip.Inflater.inflate([BII)I @ 448 c2
Event: 15.756 Thread 0x00000160c817f570 DEOPT PACKING pc=0x00000160d42ec5d0 sp=0x00000009818fd0c0
Event: 15.756 Thread 0x00000160c817f570 DEOPT UNPACKING pc=0x00000160d3c146a2 sp=0x00000009818fd030 mode 2

Classes loaded (20 events):
Event: 14.797 Loading class java/util/concurrent/ConcurrentLinkedDeque$AbstractItr done
Event: 14.797 Loading class java/util/concurrent/ConcurrentLinkedDeque$Itr done
Event: 14.817 Loading class java/util/concurrent/ForkJoinPool
Event: 14.819 Loading class java/util/concurrent/ForkJoinPool done
Event: 14.820 Loading class java/util/concurrent/ForkJoinPool$ForkJoinWorkerThreadFactory
Event: 14.820 Loading class java/util/concurrent/ForkJoinPool$ForkJoinWorkerThreadFactory done
Event: 14.820 Loading class java/util/concurrent/CountDownLatch
Event: 14.821 Loading class java/util/concurrent/CountDownLatch done
Event: 14.821 Loading class java/util/concurrent/ForkJoinPool$WorkQueue
Event: 14.821 Loading class java/util/concurrent/ForkJoinPool$WorkQueue done
Event: 14.822 Loading class java/util/concurrent/ForkJoinTask
Event: 14.823 Loading class java/util/concurrent/ForkJoinTask done
Event: 14.823 Loading class java/util/concurrent/ForkJoinPool$DefaultForkJoinWorkerThreadFactory
Event: 14.823 Loading class java/util/concurrent/ForkJoinPool$DefaultForkJoinWorkerThreadFactory done
Event: 14.823 Loading class java/util/concurrent/ForkJoinPool$2
Event: 14.823 Loading class jdk/internal/access/JavaUtilConcurrentFJPAccess
Event: 14.823 Loading class jdk/internal/access/JavaUtilConcurrentFJPAccess done
Event: 14.823 Loading class java/util/concurrent/ForkJoinPool$2 done
Event: 15.756 Loading class java/util/zip/DataFormatException
Event: 15.756 Loading class java/util/zip/DataFormatException done

Classes unloaded (0 events):
No events

Classes redefined (0 events):
No events

Internal exceptions (20 events):
Event: 10.337 Thread 0x00000160c817f570 Exception <a 'java/lang/NoSuchMethodError'{0x0000000085373710}: 'int java.lang.invoke.DirectMethodHandle$Holder.invokeVirtual(java.lang.Object, java.lang.Object, java.lang.Object, java.lang.Object)'> (0x0000000085373710) 
thrown [s\src\hotspot\share\interpreter\linkResolver.cpp, line 774]
Event: 10.338 Thread 0x00000160c817f570 Exception <a 'java/lang/NoSuchMethodError'{0x00000000853801f8}: 'java.lang.Object java.lang.invoke.DirectMethodHandle$Holder.newInvokeSpecial(java.lang.Object, java.lang.Object, int, java.lang.Object)'> (0x00000000853801f8) 
thrown [s\src\hotspot\share\interpreter\linkResolver.cpp, line 774]
Event: 10.450 Thread 0x00000160c817f570 Exception <a 'sun/nio/fs/WindowsException'{0x0000000084f0abf8}> (0x0000000084f0abf8) 
thrown [s\src\hotspot\share\prims\jni.cpp, line 520]
Event: 10.450 Thread 0x00000160c817f570 Exception <a 'sun/nio/fs/WindowsException'{0x0000000084f0b370}> (0x0000000084f0b370) 
thrown [s\src\hotspot\share\prims\jni.cpp, line 520]
Event: 10.450 Thread 0x00000160c817f570 Exception <a 'sun/nio/fs/WindowsException'{0x0000000084f0c890}> (0x0000000084f0c890) 
thrown [s\src\hotspot\share\prims\jni.cpp, line 520]
Event: 13.955 Thread 0x00000160e13d7c20 Exception <a 'java/lang/NoSuchMethodError'{0x0000000085cb5180}: 'java.lang.Object java.lang.invoke.DirectMethodHandle$Holder.invokeStatic(java.lang.Object, long, java.lang.Object)'> (0x0000000085cb5180) 
thrown [s\src\hotspot\share\interpreter\linkResolver.cpp, line 774]
Event: 13.955 Thread 0x00000160e13d7c20 Exception <a 'java/lang/NoSuchMethodError'{0x0000000085cb8558}: 'java.lang.Object java.lang.invoke.DirectMethodHandle$Holder.invokeStaticInit(java.lang.Object, long, java.lang.Object)'> (0x0000000085cb8558) 
thrown [s\src\hotspot\share\interpreter\linkResolver.cpp, line 774]
Event: 13.956 Thread 0x00000160e13d7c20 Exception <a 'java/lang/NoSuchMethodError'{0x0000000085cbda50}: 'java.lang.Object java.lang.invoke.DirectMethodHandle$Holder.newInvokeSpecial(java.lang.Object, long)'> (0x0000000085cbda50) 
thrown [s\src\hotspot\share\interpreter\linkResolver.cpp, line 774]
Event: 13.958 Thread 0x00000160e13d7c20 Exception <a 'java/lang/NoSuchMethodError'{0x0000000085cc2308}: 'long java.lang.invoke.DirectMethodHandle$Holder.invokeInterface(java.lang.Object, java.lang.Object)'> (0x0000000085cc2308) 
thrown [s\src\hotspot\share\interpreter\linkResolver.cpp, line 774]
Event: 13.959 Thread 0x00000160e13d7c20 Exception <a 'java/lang/NoSuchMethodError'{0x0000000085cc57f0}: 'long java.lang.invoke.DelegatingMethodHandle$Holder.reinvoke_L(java.lang.Object, java.lang.Object)'> (0x0000000085cc57f0) 
thrown [s\src\hotspot\share\interpreter\linkResolver.cpp, line 774]
Event: 14.772 Thread 0x00000160e13d8fd0 Implicit null exception at 0x00000160d436f998 to 0x00000160d436fa64
Event: 14.780 Thread 0x00000160e13d7c20 Implicit null exception at 0x00000160d435f28c to 0x00000160d435f354
Event: 14.781 Thread 0x00000160e13d7c20 Implicit null exception at 0x00000160d459d977 to 0x00000160d459db38
Event: 14.781 Thread 0x00000160e13d8fd0 Implicit null exception at 0x00000160d459d977 to 0x00000160d459db38
Event: 14.876 Thread 0x00000160c817f570 Exception <a 'sun/nio/fs/WindowsException'{0x0000000089bdf650}> (0x0000000089bdf650) 
thrown [s\src\hotspot\share\prims\jni.cpp, line 520]
Event: 14.900 Thread 0x00000160c817f570 Exception <a 'sun/nio/fs/WindowsException'{0x0000000089beb5c8}> (0x0000000089beb5c8) 
thrown [s\src\hotspot\share\prims\jni.cpp, line 520]
Event: 15.143 Thread 0x00000160c817f570 Exception <a 'sun/nio/fs/WindowsException'{0x0000000087d0f1b8}> (0x0000000087d0f1b8) 
thrown [s\src\hotspot\share\prims\jni.cpp, line 520]
Event: 15.343 Thread 0x00000160c817f570 Exception <a 'sun/nio/fs/WindowsException'{0x0000000087d23208}> (0x0000000087d23208) 
thrown [s\src\hotspot\share\prims\jni.cpp, line 520]
Event: 15.628 Thread 0x00000160c817f570 Exception <a 'sun/nio/fs/WindowsException'{0x000000008753b268}> (0x000000008753b268) 
thrown [s\src\hotspot\share\prims\jni.cpp, line 520]
Event: 15.756 Thread 0x00000160c817f570 Exception <a 'java/lang/OutOfMemoryError'{0x00000000872ac3d8}> (0x00000000872ac3d8) 
thrown [s\src\hotspot\share\prims\jni.cpp, line 539]

ZGC Phase Switch (0 events):
No events

VM Operations (20 events):
Event: 14.393 Executing VM operation: HandshakeAllThreads (Deoptimize)
Event: 14.393 Executing VM operation: HandshakeAllThreads (Deoptimize) done
Event: 14.393 Executing VM operation: Cleanup
Event: 14.393 Executing VM operation: Cleanup done
Event: 14.426 Executing VM operation: G1CollectForAllocation (G1 Evacuation Pause)
Event: 14.439 Executing VM operation: G1CollectForAllocation (G1 Evacuation Pause) done
Event: 14.613 Executing VM operation: HandshakeAllThreads (Deoptimize)
Event: 14.613 Executing VM operation: HandshakeAllThreads (Deoptimize) done
Event: 14.633 Executing VM operation: HandshakeAllThreads (Deoptimize)
Event: 14.633 Executing VM operation: HandshakeAllThreads (Deoptimize) done
Event: 14.710 Executing VM operation: HandshakeAllThreads (Deoptimize)
Event: 14.710 Executing VM operation: HandshakeAllThreads (Deoptimize) done
Event: 14.734 Executing VM operation: HandshakeAllThreads (Deoptimize)
Event: 14.734 Executing VM operation: HandshakeAllThreads (Deoptimize) done
Event: 14.772 Executing VM operation: G1TryInitiateConcMark (G1 Humongous Allocation)
Event: 14.779 Executing VM operation: G1TryInitiateConcMark (G1 Humongous Allocation) done
Event: 14.841 Executing VM operation: G1PauseRemark
Event: 14.850 Executing VM operation: G1PauseRemark done
Event: 14.876 Executing VM operation: G1PauseCleanup
Event: 14.876 Executing VM operation: G1PauseCleanup done

Memory protections (0 events):
No events

Nmethod flushes (20 events):
Event: 14.849 Thread 0x00000160e1273c90 flushing  nmethod 0x00000160ccc0d890
Event: 14.849 Thread 0x00000160e1273c90 flushing  nmethod 0x00000160ccc19310
Event: 14.849 Thread 0x00000160e1273c90 flushing  nmethod 0x00000160ccc57710
Event: 14.849 Thread 0x00000160e1273c90 flushing  nmethod 0x00000160ccc5a510
Event: 14.849 Thread 0x00000160e1273c90 flushing  nmethod 0x00000160ccc5be90
Event: 14.849 Thread 0x00000160e1273c90 flushing  nmethod 0x00000160ccc5f590
Event: 14.849 Thread 0x00000160e1273c90 flushing  nmethod 0x00000160ccc5fa10
Event: 14.849 Thread 0x00000160e1273c90 flushing  nmethod 0x00000160ccc6d710
Event: 14.849 Thread 0x00000160e1273c90 flushing  nmethod 0x00000160ccc75f10
Event: 14.849 Thread 0x00000160e1273c90 flushing  nmethod 0x00000160ccc78510
Event: 14.849 Thread 0x00000160e1273c90 flushing  nmethod 0x00000160cccbb710
Event: 14.849 Thread 0x00000160e1273c90 flushing  nmethod 0x00000160cccbbe90
Event: 14.849 Thread 0x00000160e1273c90 flushing  nmethod 0x00000160cccc4790
Event: 14.849 Thread 0x00000160e1273c90 flushing  nmethod 0x00000160cccc4b90
Event: 14.849 Thread 0x00000160e1273c90 flushing  nmethod 0x00000160cccee010
Event: 14.849 Thread 0x00000160e1273c90 flushing  nmethod 0x00000160cccef610
Event: 14.849 Thread 0x00000160e1273c90 flushing  nmethod 0x00000160ccd32a90
Event: 14.849 Thread 0x00000160e1273c90 flushing  nmethod 0x00000160ccd34490
Event: 14.849 Thread 0x00000160e1273c90 flushing  nmethod 0x00000160cce76910
Event: 14.849 Thread 0x00000160e1273c90 flushing  nmethod 0x00000160ccedce90

Events (20 events):
Event: 13.936 Thread 0x00000160c817f570 Thread added: 0x00000160e13d7c20
Event: 13.939 Thread 0x00000160e130fbe0 Thread added: 0x00000160e97310b0
Event: 13.959 Thread 0x00000160e97310b0 Thread added: 0x00000160e9d77020
Event: 13.960 Thread 0x00000160e13d7c20 Thread exited: 0x00000160e13d7c20
Event: 14.772 Thread 0x00000160c817f570 Thread added: 0x00000160e13d8fd0
Event: 14.772 Thread 0x00000160c817f570 Thread added: 0x00000160e13d7c20
Event: 14.781 Thread 0x00000160c817f570 Thread added: 0x00000160e13d82b0
Event: 14.782 Thread 0x00000160c817f570 Thread added: 0x00000160e13d8940
Event: 14.782 Thread 0x00000160c817f570 Thread added: 0x00000160e7e5a840
Event: 14.782 Thread 0x00000160c817f570 Thread added: 0x00000160e7e5bbf0
Event: 14.783 Thread 0x00000160c817f570 Thread added: 0x00000160e7e5b560
Event: 14.783 Thread 0x00000160c817f570 Thread added: 0x00000160e7e5a1b0
Event: 14.856 Thread 0x00000160e13d82b0 Thread exited: 0x00000160e13d82b0
Event: 14.856 Thread 0x00000160e13d8940 Thread exited: 0x00000160e13d8940
Event: 14.856 Thread 0x00000160e7e5b560 Thread exited: 0x00000160e7e5b560
Event: 14.856 Thread 0x00000160e13d8fd0 Thread exited: 0x00000160e13d8fd0
Event: 14.856 Thread 0x00000160e7e5a840 Thread exited: 0x00000160e7e5a840
Event: 14.856 Thread 0x00000160e7e5a1b0 Thread exited: 0x00000160e7e5a1b0
Event: 14.857 Thread 0x00000160e7e5bbf0 Thread exited: 0x00000160e7e5bbf0
Event: 14.857 Thread 0x00000160e13d7c20 Thread exited: 0x00000160e13d7c20


Dynamic libraries:
0x00007ff6f1b00000 - 0x00007ff6f1b0e000 	C:\Users\hp\.p2\pool\plugins\org.eclipse.justj.openjdk.hotspot.jre.full.win32.x86_64_22.0.2.v20240802-1626\jre\bin\javaw.exe
0x00007ffdbc8d0000 - 0x00007ffdbcae7000 	C:\WINDOWS\SYSTEM32\ntdll.dll
0x00007ffdbba40000 - 0x00007ffdbbb04000 	C:\WINDOWS\System32\KERNEL32.DLL
0x00007ffdb9a40000 - 0x00007ffdb9e13000 	C:\WINDOWS\System32\KERNELBASE.dll
0x00007ffdba240000 - 0x00007ffdba351000 	C:\WINDOWS\System32\ucrtbase.dll
0x00007ffd68cb0000 - 0x00007ffd68cc7000 	C:\Users\hp\.p2\pool\plugins\org.eclipse.justj.openjdk.hotspot.jre.full.win32.x86_64_22.0.2.v20240802-1626\jre\bin\jli.dll
0x00007ffdba7a0000 - 0x00007ffdba951000 	C:\WINDOWS\System32\USER32.dll
0x00007ffdba530000 - 0x00007ffdba556000 	C:\WINDOWS\System32\win32u.dll
0x00007ffdbb340000 - 0x00007ffdbb369000 	C:\WINDOWS\System32\GDI32.dll
0x00007ffdba360000 - 0x00007ffdba482000 	C:\WINDOWS\System32\gdi32full.dll
0x00007ffdba490000 - 0x00007ffdba52a000 	C:\WINDOWS\System32\msvcp_win.dll
0x00007ffd49130000 - 0x00007ffd4914b000 	C:\Users\hp\.p2\pool\plugins\org.eclipse.justj.openjdk.hotspot.jre.full.win32.x86_64_22.0.2.v20240802-1626\jre\bin\VCRUNTIME140.dll
0x00007ffda1170000 - 0x00007ffda140b000 	C:\WINDOWS\WinSxS\amd64_microsoft.windows.common-controls_6595b64144ccf1df_6.0.22621.5262_none_2712bde373830908\COMCTL32.dll
0x00007ffdba960000 - 0x00007ffdbaa07000 	C:\WINDOWS\System32\msvcrt.dll
0x00007ffdbc280000 - 0x00007ffdbc2b1000 	C:\WINDOWS\System32\IMM32.DLL
0x00007ffd90e70000 - 0x00007ffd91151000 	C:\Windows\pcdrm\NSCCOR0364.DLL
0x00007ffdbbbd0000 - 0x00007ffdbbc81000 	C:\WINDOWS\System32\ADVAPI32.dll
0x00007ffdbbb10000 - 0x00007ffdbbbb7000 	C:\WINDOWS\System32\sechost.dll
0x00007ffdba010000 - 0x00007ffdba038000 	C:\WINDOWS\System32\bcrypt.dll
0x00007ffdbc160000 - 0x00007ffdbc274000 	C:\WINDOWS\System32\RPCRT4.dll
0x00007ffdbc6e0000 - 0x00007ffdbc881000 	C:\WINDOWS\System32\ole32.dll
0x00007ffdbc340000 - 0x00007ffdbc6d3000 	C:\WINDOWS\System32\combase.dll
0x00007ffdbb2b0000 - 0x00007ffdbb2b8000 	C:\WINDOWS\System32\psapi.dll
0x00007ffdb8b40000 - 0x00007ffdb8b74000 	C:\WINDOWS\SYSTEM32\ntmarta.dll
0x00007ffd911c0000 - 0x00007ffd911f2000 	C:\WINDOWS\pcdrm\NBID64.dll
0x00007ffdbbf50000 - 0x00007ffdbc027000 	C:\WINDOWS\System32\OLEAUT32.dll
0x00007ffd90d70000 - 0x00007ffd90da9000 	C:\WINDOWS\pcdrm\NFD0164.dll
0x00007ffdb0bf0000 - 0x00007ffdb0bfa000 	C:\WINDOWS\SYSTEM32\VERSION.dll
0x00007ffd89a90000 - 0x00007ffd89a9c000 	C:\Users\hp\.p2\pool\plugins\org.eclipse.justj.openjdk.hotspot.jre.full.win32.x86_64_22.0.2.v20240802-1626\jre\bin\vcruntime140_1.dll
0x00007ffd47930000 - 0x00007ffd479be000 	C:\Users\hp\.p2\pool\plugins\org.eclipse.justj.openjdk.hotspot.jre.full.win32.x86_64_22.0.2.v20240802-1626\jre\bin\msvcp140.dll
0x00007ffd4a500000 - 0x00007ffd4b2c3000 	C:\Users\hp\.p2\pool\plugins\org.eclipse.justj.openjdk.hotspot.jre.full.win32.x86_64_22.0.2.v20240802-1626\jre\bin\server\jvm.dll
0x00007ffdba720000 - 0x00007ffdba791000 	C:\WINDOWS\System32\WS2_32.dll
0x00007ffdb8d50000 - 0x00007ffdb8d9d000 	C:\WINDOWS\SYSTEM32\POWRPROF.dll
0x00007ffdb2480000 - 0x00007ffdb24b4000 	C:\WINDOWS\SYSTEM32\WINMM.dll
0x00007ffdb8d20000 - 0x00007ffdb8d33000 	C:\WINDOWS\SYSTEM32\UMPDC.dll
0x00007ffdb89c0000 - 0x00007ffdb89d8000 	C:\WINDOWS\SYSTEM32\kernel.appcore.dll
0x00007ffd8f030000 - 0x00007ffd8f03a000 	C:\Users\hp\.p2\pool\plugins\org.eclipse.justj.openjdk.hotspot.jre.full.win32.x86_64_22.0.2.v20240802-1626\jre\bin\jimage.dll
0x00007ffdb7550000 - 0x00007ffdb7782000 	C:\WINDOWS\SYSTEM32\DBGHELP.DLL
0x00007ffd979d0000 - 0x00007ffd97a02000 	C:\WINDOWS\SYSTEM32\dbgcore.DLL
0x00000160c8090000 - 0x00000160c810b000 	C:\WINDOWS\System32\bcryptPrimitives.dll
0x00007ffd68a30000 - 0x00007ffd68a4e000 	C:\Users\hp\.p2\pool\plugins\org.eclipse.justj.openjdk.hotspot.jre.full.win32.x86_64_22.0.2.v20240802-1626\jre\bin\java.dll
0x00000160cbdf0000 - 0x00000160cc68d000 	C:\WINDOWS\System32\SHELL32.dll
0x00007ffdba040000 - 0x00007ffdba17f000 	C:\WINDOWS\System32\wintypes.dll
0x00007ffd68a10000 - 0x00007ffd68a27000 	C:\Users\hp\.p2\pool\plugins\org.eclipse.justj.openjdk.hotspot.jre.full.win32.x86_64_22.0.2.v20240802-1626\jre\bin\zip.dll
0x00007ffdb7880000 - 0x00007ffdb819d000 	C:\WINDOWS\SYSTEM32\windows.storage.dll
0x00007ffdba560000 - 0x00007ffdba66b000 	C:\WINDOWS\System32\SHCORE.dll
0x00007ffdbc2c0000 - 0x00007ffdbc326000 	C:\WINDOWS\System32\shlwapi.dll
0x00007ffdb98f0000 - 0x00007ffdb991b000 	C:\WINDOWS\SYSTEM32\profapi.dll
0x00007ffd8c940000 - 0x00007ffd8c950000 	C:\Users\hp\.p2\pool\plugins\org.eclipse.justj.openjdk.hotspot.jre.full.win32.x86_64_22.0.2.v20240802-1626\jre\bin\net.dll
0x00007ffdb8f20000 - 0x00007ffdb8f8a000 	C:\WINDOWS\system32\mswsock.dll
0x00007ffd689f0000 - 0x00007ffd68a06000 	C:\Users\hp\.p2\pool\plugins\org.eclipse.justj.openjdk.hotspot.jre.full.win32.x86_64_22.0.2.v20240802-1626\jre\bin\nio.dll
0x00007ffd9b730000 - 0x00007ffd9b754000 	C:\Users\hp\AppData\Local\Temp\jansi-2.4.1-8d493d91bef6537c-jansi.dll
0x00007ffd9a720000 - 0x00007ffd9a730000 	C:\Users\hp\.p2\pool\plugins\org.eclipse.justj.openjdk.hotspot.jre.full.win32.x86_64_22.0.2.v20240802-1626\jre\bin\verify.dll
0x00007ffdb8440000 - 0x00007ffdb846d000 	C:\WINDOWS\SYSTEM32\IPHLPAPI.DLL
0x00007ffdbbbc0000 - 0x00007ffdbbbc9000 	C:\WINDOWS\System32\NSI.dll
0x00007ffd82690000 - 0x00007ffd82699000 	C:\Users\hp\.p2\pool\plugins\org.eclipse.justj.openjdk.hotspot.jre.full.win32.x86_64_22.0.2.v20240802-1626\jre\bin\extnet.dll

dbghelp: loaded successfully - version: 4.0.5 - missing functions: none
symbol engine: initialized successfully - sym options: 0x614 - pdb path: .;C:\Users\hp\.p2\pool\plugins\org.eclipse.justj.openjdk.hotspot.jre.full.win32.x86_64_22.0.2.v20240802-1626\jre\bin;C:\WINDOWS\SYSTEM32;C:\WINDOWS\WinSxS\amd64_microsoft.windows.common-controls_6595b64144ccf1df_6.0.22621.5262_none_2712bde373830908;C:\Windows\pcdrm;C:\Users\hp\.p2\pool\plugins\org.eclipse.justj.openjdk.hotspot.jre.full.win32.x86_64_22.0.2.v20240802-1626\jre\bin\server;C:\Users\hp\AppData\Local\Temp

VM Arguments:
jvm_args: -Dmaven.home=EMBEDDED -Dclassworlds.conf=C:\Users\hp\eclipse-workspace-2024\.metadata\.plugins\org.eclipse.m2e.launching\launches\m2conf3903756681466773810.tmp -Dmaven.multiModuleProjectDirectory=C:\Users\hp\Desktop\Personal Expense Tracker\Github\Personal-Expense-Tracker-Application-master\expense-tracker -Dm2e.build.project.data.socket.port=49277 -Dfile.encoding=UTF-8 -Dstdout.encoding=UTF-8 -Dstderr.encoding=UTF-8 -XX:+ShowCodeDetailsInExceptionMessages 
java_command: org.codehaus.plexus.classworlds.launcher.Launcher -B -Dstyle.color=always install
java_class_path (initial): C:\Users\hp\.p2\pool\plugins\org.eclipse.m2e.maven.runtime_3.9.700.20240602-2313\jars\plexus-classworlds-2.8.0.jar
Launcher Type: SUN_STANDARD

[Global flags]
     intx CICompilerCount                          = 4                                         {product} {ergonomic}
     uint ConcGCThreads                            = 2                                         {product} {ergonomic}
     uint G1ConcRefinementThreads                  = 8                                         {product} {ergonomic}
   size_t G1HeapRegionSize                         = 1048576                                   {product} {ergonomic}
   size_t InitialHeapSize                          = 134217728                                 {product} {ergonomic}
   size_t MarkStackSize                            = 4194304                                   {product} {ergonomic}
   size_t MaxHeapSize                              = 2118123520                                {product} {ergonomic}
   size_t MaxNewSize                               = 1270874112                                {product} {ergonomic}
   size_t MinHeapDeltaBytes                        = 1048576                                   {product} {ergonomic}
   size_t MinHeapSize                              = 8388608                                   {product} {ergonomic}
    uintx NonNMethodCodeHeapSize                   = 5839372                                {pd product} {ergonomic}
    uintx NonProfiledCodeHeapSize                  = 122909434                              {pd product} {ergonomic}
    uintx ProfiledCodeHeapSize                     = 122909434                              {pd product} {ergonomic}
    uintx ReservedCodeCacheSize                    = 251658240                              {pd product} {ergonomic}
     bool SegmentedCodeCache                       = true                                      {product} {ergonomic}
     bool ShowCodeDetailsInExceptionMessages       = true                                   {manageable} {command line}
   size_t SoftMaxHeapSize                          = 2118123520                             {manageable} {ergonomic}
     bool UseCompressedOops                        = true                           {product lp64_product} {ergonomic}
     bool UseG1GC                                  = true                                      {product} {ergonomic}
     bool UseLargePagesIndividualAllocation        = false                                  {pd product} {ergonomic}

Logging:
Log output configuration:
 #0: stdout all=warning uptime,level,tags foldmultilines=false
 #1: stderr all=off uptime,level,tags foldmultilines=false

Environment Variables:
JAVA_HOME=C:\Program Files\Java\jdk-17
PATH=C:/Users/hp/.p2/pool/plugins/org.eclipse.justj.openjdk.hotspot.jre.full.win32.x86_64_22.0.2.v20240802-1626/jre/bin/server;C:/Users/hp/.p2/pool/plugins/org.eclipse.justj.openjdk.hotspot.jre.full.win32.x86_64_22.0.2.v20240802-1626/jre/bin;C:\Program Files\Common Files\Oracle\Java\javapath;C:\Python310\Scripts\;C:\Python310\;C:\Python37\Scripts\;C:\Python37\;C:\WINDOWS\system32;C:\WINDOWS;C:\WINDOWS\System32\Wbem;C:\WINDOWS\System32\WindowsPowerShell\v1.0\;C:\WINDOWS\System32\OpenSSH\;C:\Users\hp\Downloads\apache-maven-3.9.8-bin (1)\apache-maven-3.9.8\bin;C:\Program Files\Java\jdk-17;C:\Program Files\Git\cmd;C:\Program Files\nodejs\;C:\Program Files\Docker\Docker\resources\bin;C:\Program Files\MySQL\MySQL Shell 8.0\bin\;C:\Users\hp\AppData\Local\Microsoft\WindowsApps;C:\Users\hp\AppData\Local\Programs\Microsoft VS Code\bin;C:\Users\hp\AppData\Local\atom\bin;D:\App Development\flutter\bin;C:\Users\hp\AppData\Local\Microsoft\WindowsApps;C:\Users\hp\AppData\Local\GitHubDesktop\bin;C:\Users\hp\AppData\Roaming\npm;C:\WINDOWS\system32;
USERNAME=hp
OS=Windows_NT
PROCESSOR_IDENTIFIER=Intel64 Family 6 Model 142 Stepping 12, GenuineIntel
TMP=C:\Users\hp\AppData\Local\Temp
TEMP=C:\Users\hp\AppData\Local\Temp




Periodic native trim disabled

---------------  S Y S T E M  ---------------

OS:
 Windows 11 , 64 bit Build 22621 (10.0.22621.5262)
OS uptime: 0 days 8:04 hours
Hyper-V role detected

CPU: total 8 (initial active 8) (4 cores per cpu, 2 threads per core) family 6 model 142 stepping 12 microcode 0xde, cx8, cmov, fxsr, ht, mmx, 3dnowpref, sse, sse2, sse3, ssse3, sse4.1, sse4.2, popcnt, lzcnt, tsc, tscinvbit, avx, avx2, aes, erms, clmul, bmi1, bmi2, adx, fma, vzeroupper, clflush, clflushopt, hv, rdtscp, f16c
Processor Information for processor 0
  Max Mhz: 1800, Current Mhz: 1500, Mhz Limit: 1584
Processor Information for processor 1
  Max Mhz: 1800, Current Mhz: 1500, Mhz Limit: 1584
Processor Information for processor 2
  Max Mhz: 1800, Current Mhz: 1600, Mhz Limit: 1584
Processor Information for processor 3
  Max Mhz: 1800, Current Mhz: 1600, Mhz Limit: 1584
Processor Information for processor 4
  Max Mhz: 1800, Current Mhz: 1600, Mhz Limit: 1584
Processor Information for processor 5
  Max Mhz: 1800, Current Mhz: 1500, Mhz Limit: 1584
Processor Information for processor 6
  Max Mhz: 1800, Current Mhz: 1500, Mhz Limit: 1584
Processor Information for processor 7
  Max Mhz: 1800, Current Mhz: 1500, Mhz Limit: 1584

Memory: 4k page, system-wide physical 8078M (582M free)
TotalPageFile size 10300M (AvailPageFile size 1M)
current process WorkingSet (physical memory assigned to process): 322M, peak: 322M
current process commit charge ("private bytes"): 355M, peak: 355M

vm_info: OpenJDK 64-Bit Server VM (22.0.2+9) for windows-amd64 JRE (22.0.2+9), built on 2024-07-16T00:00:00Z by "admin" with MS VC++ 17.7 (VS2022)

END.
