#
# There is insufficient memory for the Java Runtime Environment to continue.
# Native memory allocation (mmap) failed to map 1048576 bytes. Error detail: G1 virtual space
# Possible reasons:
#   The system is out of physical RAM or swap space
#   This process is running with CompressedOops enabled, and the Java Heap may be blocking the growth of the native heap
# Possible solutions:
#   Reduce memory load on the system
#   Increase physical memory or swap space
#   Check if swap backing store is full
#   Decrease Java heap size (-Xmx/-Xms)
#   Decrease number of Java threads
#   Decrease Java thread stack sizes (-Xss)
#   Set larger code cache with -XX:ReservedCodeCacheSize=
#   JVM is running with Unscaled Compressed Oops mode in which the Java heap is
#     placed in the first 4GB address space. The Java Heap base address is the
#     maximum limit for the native heap growth. Please use -XX:HeapBaseMinAddress
#     to set the Java Heap base and to place the Java Heap above 4GB virtual address.
# This output file may be truncated or incomplete.
#
#  Out of Memory Error (os_windows.cpp:3631), pid=15496, tid=17012
#
# JRE version: OpenJDK Runtime Environment Temurin-22.0.2+9 (22.0.2+9) (build 22.0.2+9)
# Java VM: OpenJDK 64-Bit Server VM Temurin-22.0.2+9 (22.0.2+9, mixed mode, tiered, compressed oops, compressed class ptrs, g1 gc, windows-amd64)
# No core dump will be written. Minidumps are not enabled by default on client versions of Windows
#

---------------  S U M M A R Y ------------

Command Line: -Dmaven.home=EMBEDDED -Dclassworlds.conf=C:\Users\hp\eclipse-workspace-2024\.metadata\.plugins\org.eclipse.m2e.launching\launches\m2conf498559872671579507.tmp -Dmaven.multiModuleProjectDirectory=C:\Users\hp\Desktop\Personal Expense Tracker\Github\Personal-Expense-Tracker-Application-master\expense-tracker -Dm2e.build.project.data.socket.port=61709 -Dfile.encoding=UTF-8 -Dstdout.encoding=UTF-8 -Dstderr.encoding=UTF-8 -XX:+ShowCodeDetailsInExceptionMessages org.codehaus.plexus.classworlds.launcher.Launcher -B -Dstyle.color=always install

Host: Intel(R) Core(TM) i5-8265U CPU @ 1.60GHz, 8 cores, 7G,  Windows 11 , 64 bit Build 22621 (10.0.22621.5262)
Time: Sun Jun 29 00:12:48 2025 India Standard Time elapsed time: 10.121606 seconds (0d 0h 0m 10s)

---------------  T H R E A D  ---------------

Current thread (0x00000191fcd675c0):  WorkerThread "GC Thread#3"    [id=17012, stack(0x0000003d9bc00000,0x0000003d9bd00000) (1024K)]

Stack: [0x0000003d9bc00000,0x0000003d9bd00000]
Native frames: (J=compiled Java code, j=interpreted, Vv=VM code, C=native code)
V  [jvm.dll+0x6ea6a9]  (no source info available)
V  [jvm.dll+0x8cdbf3]  (no source info available)
V  [jvm.dll+0x8d001e]  (no source info available)
V  [jvm.dll+0x8d06f3]  (no source info available)
V  [jvm.dll+0x286dc6]  (no source info available)
V  [jvm.dll+0x6e6d35]  (no source info available)
V  [jvm.dll+0x6db9ba]  (no source info available)
V  [jvm.dll+0x36037a]  (no source info available)
V  [jvm.dll+0x368846]  (no source info available)
V  [jvm.dll+0x3ba4bb]  (no source info available)
V  [jvm.dll+0x3bab54]  (no source info available)
V  [jvm.dll+0x3bac1d]  (no source info available)
V  [jvm.dll+0x33542c]  (no source info available)
V  [jvm.dll+0x33515d]  (no source info available)
V  [jvm.dll+0x323f55]  (no source info available)
V  [jvm.dll+0x324326]  (no source info available)
V  [jvm.dll+0x324fba]  (no source info available)
V  [jvm.dll+0x325394]  (no source info available)
V  [jvm.dll+0x324ecc]  (no source info available)
V  [jvm.dll+0x362141]  (no source info available)
V  [jvm.dll+0x36253a]  (no source info available)
V  [jvm.dll+0x3639ff]  (no source info available)
V  [jvm.dll+0x363496]  (no source info available)
V  [jvm.dll+0x377e99]  (no source info available)
V  [jvm.dll+0x3785ba]  (no source info available)
V  [jvm.dll+0x3786a7]  (no source info available)
V  [jvm.dll+0x37974b]  (no source info available)
V  [jvm.dll+0x8fcc97]  (no source info available)
V  [jvm.dll+0x875e6b]  (no source info available)
V  [jvm.dll+0x6e8da5]  (no source info available)
C  [ucrtbase.dll+0x29333]  (no source info available)
C  [KERNEL32.DLL+0x1259d]  (no source info available)
C  [ntdll.dll+0x5af58]  (no source info available)


---------------  P R O C E S S  ---------------

Threads class SMR info:
_java_thread_list=0x00000191fe20d850, length=11, elements={
0x00000191deaef570, 0x00000191f7470fd0, 0x00000191f7471cf0, 0x00000191f7457290,
0x00000191f7457cf0, 0x00000191f7458750, 0x00000191f745a1f0, 0x00000191f7491df0,
0x00000191f74924b0, 0x00000191f76245c0, 0x00000191f762b2c0
}

Java Threads: ( => current thread )
  0x00000191deaef570 JavaThread "main"                              [_thread_blocked, id=16568, stack(0x0000003d9a800000,0x0000003d9a900000) (1024K)]
  0x00000191f7470fd0 JavaThread "Reference Handler"          daemon [_thread_blocked, id=7084, stack(0x0000003d9b000000,0x0000003d9b100000) (1024K)]
  0x00000191f7471cf0 JavaThread "Finalizer"                  daemon [_thread_blocked, id=18764, stack(0x0000003d9b100000,0x0000003d9b200000) (1024K)]
  0x00000191f7457290 JavaThread "Signal Dispatcher"          daemon [_thread_blocked, id=7808, stack(0x0000003d9b200000,0x0000003d9b300000) (1024K)]
  0x00000191f7457cf0 JavaThread "Attach Listener"            daemon [_thread_blocked, id=4732, stack(0x0000003d9b300000,0x0000003d9b400000) (1024K)]
  0x00000191f7458750 JavaThread "Service Thread"             daemon [_thread_blocked, id=19064, stack(0x0000003d9b400000,0x0000003d9b500000) (1024K)]
  0x00000191f745a1f0 JavaThread "Monitor Deflation Thread"   daemon [_thread_blocked, id=3892, stack(0x0000003d9b500000,0x0000003d9b600000) (1024K)]
  0x00000191f7491df0 JavaThread "C2 CompilerThread0"         daemon [_thread_blocked, id=1244, stack(0x0000003d9b600000,0x0000003d9b700000) (1024K)]
  0x00000191f74924b0 JavaThread "C1 CompilerThread0"         daemon [_thread_blocked, id=7316, stack(0x0000003d9b700000,0x0000003d9b800000) (1024K)]
  0x00000191f76245c0 JavaThread "Notification Thread"        daemon [_thread_blocked, id=19828, stack(0x0000003d9b800000,0x0000003d9b900000) (1024K)]
  0x00000191f762b2c0 JavaThread "Common-Cleaner"             daemon [_thread_blocked, id=4492, stack(0x0000003d9b900000,0x0000003d9ba00000) (1024K)]
Total: 11

Other Threads:
  0x00000191f73a26b0 VMThread "VM Thread"                           [id=7328, stack(0x0000003d9af00000,0x0000003d9b000000) (1024K)]
  0x00000191f735f600 WatcherThread "VM Periodic Task Thread"        [id=20136, stack(0x0000003d9ae00000,0x0000003d9af00000) (1024K)]
  0x00000191deb454b0 WorkerThread "GC Thread#0"                     [id=6680, stack(0x0000003d9a900000,0x0000003d9aa00000) (1024K)]
  0x00000191fcbbb900 WorkerThread "GC Thread#1"                     [id=19696, stack(0x0000003d9ba00000,0x0000003d9bb00000) (1024K)]
  0x00000191fcbbbcb0 WorkerThread "GC Thread#2"                     [id=15508, stack(0x0000003d9bb00000,0x0000003d9bc00000) (1024K)]
=>0x00000191fcd675c0 WorkerThread "GC Thread#3"                     [id=17012, stack(0x0000003d9bc00000,0x0000003d9bd00000) (1024K)]
  0x00000191fcd67970 WorkerThread "GC Thread#4"                     [id=15952, stack(0x0000003d9bd00000,0x0000003d9be00000) (1024K)]
  0x00000191fcd67d20 WorkerThread "GC Thread#5"                     [id=20292, stack(0x0000003d9be00000,0x0000003d9bf00000) (1024K)]
  0x00000191fcd680d0 WorkerThread "GC Thread#6"                     [id=9828, stack(0x0000003d9bf00000,0x0000003d9c000000) (1024K)]
  0x00000191fcd694a0 WorkerThread "GC Thread#7"                     [id=6308, stack(0x0000003d9c000000,0x0000003d9c100000) (1024K)]
  0x00000191deb58990 ConcurrentGCThread "G1 Main Marker"            [id=17792, stack(0x0000003d9aa00000,0x0000003d9ab00000) (1024K)]
  0x00000191deb593b0 WorkerThread "G1 Conc#0"                       [id=12548, stack(0x0000003d9ab00000,0x0000003d9ac00000) (1024K)]
  0x00000191fcd6eae0 WorkerThread "G1 Conc#1"                       [id=2828, stack(0x0000003d9c100000,0x0000003d9c200000) (1024K)]
  0x00000191f72261b0 ConcurrentGCThread "G1 Refine#0"               [id=3388, stack(0x0000003d9ac00000,0x0000003d9ad00000) (1024K)]
  0x00000191f7226c40 ConcurrentGCThread "G1 Service"                [id=17804, stack(0x0000003d9ad00000,0x0000003d9ae00000) (1024K)]
Total: 15

Threads with active compile tasks:
C2 CompilerThread0  10318 8171   !   4       java.nio.file.FileTreeWalker::next (144 bytes)
Total: 1

VM state: at safepoint (normal execution)

VM Mutex/Monitor currently owned by a thread:  ([mutex/lock_event])
[0x00007ffd4b1dea00] FreeList_lock - owner thread: 0x00000191fcd675c0
[0x00007ffd4b1e0f80] Threads_lock - owner thread: 0x00000191f73a26b0
[0x00007ffd4b1e1080] Heap_lock - owner thread: 0x00000191deaef570

Heap address: 0x0000000081c00000, size: 2020 MB, Compressed Oops mode: 32-bit

CDS archive(s) not mapped
Compressed class space mapped at: 0x000000003f000000-0x000000007f000000, reserved size: 1073741824
Narrow klass base: 0x0000000000000000, Narrow klass shift: 0, Narrow klass range: 0x7f000000

GC Precious Log:
 CardTable entry size: 512
 Card Set container configuration: InlinePtr #cards 5 size 8 Array Of Cards #cards 12 size 40 Howl #buckets 4 coarsen threshold 1843 Howl Bitmap #cards 512 size 80 coarsen threshold 460 Card regions per heap region 1 cards per card region 2048
 CPUs: 8 total, 8 available
 Memory: 8078M
 Large Page Support: Disabled
 NUMA Support: Disabled
 Compressed Oops: Enabled (32-bit)
 Heap Region Size: 1M
 Heap Min Capacity: 8M
 Heap Initial Capacity: 128M
 Heap Max Capacity: 2020M
 Pre-touch: Disabled
 Parallel Workers: 8
 Concurrent Workers: 2
 Concurrent Refinement Workers: 8
 Periodic GC: Disabled

Heap:
 garbage-first heap   total reserved 2068480K, committed 126976K, used 114772K [0x0000000081c00000, 0x0000000100000000)
  region size 1024K, 48 young (49152K), 6 survivors (6144K)
 Metaspace       used 43602K, committed 44800K, reserved 1114112K
  class space    used 4768K, committed 5120K, reserved 1048576K

Heap Regions: E=young(eden), S=young(survivor), O=old, HS=humongous(starts), HC=humongous(continues), CS=collection set, F=free, TAMS=top-at-mark-start, PB=parsable bottom
|   0|0x0000000081c00000, 0x0000000081d00000, 0x0000000081d00000|100%| O|  |TAMS 0x0000000081c00000| PB 0x0000000081c00000| Untracked |  0
|   1|0x0000000081d00000, 0x0000000081e00000, 0x0000000081e00000|100%| O|  |TAMS 0x0000000081d00000| PB 0x0000000081d00000| Untracked |  0
|   2|0x0000000081e00000, 0x0000000081f00000, 0x0000000081f00000|100%| O|  |TAMS 0x0000000081e00000| PB 0x0000000081e00000| Untracked |  0
|   3|0x0000000081f00000, 0x0000000082000000, 0x0000000082000000|100%| O|  |TAMS 0x0000000081f00000| PB 0x0000000081f00000| Untracked |  0
|   4|0x0000000082000000, 0x0000000082100000, 0x0000000082100000|100%| O|  |TAMS 0x0000000082000000| PB 0x0000000082000000| Untracked |  0
|   5|0x0000000082100000, 0x0000000082200000, 0x0000000082200000|100%| O|  |TAMS 0x0000000082100000| PB 0x0000000082100000| Untracked |  0
|   6|0x0000000082200000, 0x0000000082300000, 0x0000000082300000|100%| O|  |TAMS 0x0000000082200000| PB 0x0000000082200000| Untracked |  0
|   7|0x0000000082300000, 0x0000000082400000, 0x0000000082400000|100%| O|  |TAMS 0x0000000082300000| PB 0x0000000082300000| Untracked |  0
|   8|0x0000000082400000, 0x0000000082500000, 0x0000000082500000|100%| O|  |TAMS 0x0000000082400000| PB 0x0000000082400000| Untracked |  0
|   9|0x0000000082500000, 0x0000000082600000, 0x0000000082600000|100%| O|  |TAMS 0x0000000082500000| PB 0x0000000082500000| Untracked |  0
|  10|0x0000000082600000, 0x0000000082700000, 0x0000000082700000|100%| O|  |TAMS 0x0000000082600000| PB 0x0000000082600000| Untracked |  0
|  11|0x0000000082700000, 0x0000000082800000, 0x0000000082800000|100%| O|Cm|TAMS 0x0000000082700000| PB 0x0000000082700000| Complete |  0
|  12|0x0000000082800000, 0x0000000082900000, 0x0000000082900000|100%| O|Cm|TAMS 0x0000000082800000| PB 0x0000000082800000| Complete |  0
|  13|0x0000000082900000, 0x0000000082a00000, 0x0000000082a00000|100%| O|  |TAMS 0x0000000082900000| PB 0x0000000082900000| Untracked |  0
|  14|0x0000000082a00000, 0x0000000082b00000, 0x0000000082b00000|100%|HS|  |TAMS 0x0000000082a00000| PB 0x0000000082a00000| Complete |  0
|  15|0x0000000082b00000, 0x0000000082c00000, 0x0000000082c00000|100%|HS|  |TAMS 0x0000000082b00000| PB 0x0000000082b00000| Complete |  0
|  16|0x0000000082c00000, 0x0000000082d00000, 0x0000000082d00000|100%|HC|  |TAMS 0x0000000082c00000| PB 0x0000000082c00000| Complete |  0
|  17|0x0000000082d00000, 0x0000000082e00000, 0x0000000082e00000|100%| O|  |TAMS 0x0000000082d00000| PB 0x0000000082d00000| Untracked |  0
|  18|0x0000000082e00000, 0x0000000082f00000, 0x0000000082f00000|100%|HS|  |TAMS 0x0000000082e00000| PB 0x0000000082e00000| Complete |  0
|  19|0x0000000082f00000, 0x0000000083000000, 0x0000000083000000|100%| O|  |TAMS 0x0000000082f00000| PB 0x0000000082f00000| Untracked |  0
|  20|0x0000000083000000, 0x0000000083100000, 0x0000000083100000|100%| O|  |TAMS 0x0000000083000000| PB 0x0000000083000000| Untracked |  0
|  21|0x0000000083100000, 0x0000000083200000, 0x0000000083200000|100%| O|  |TAMS 0x0000000083100000| PB 0x0000000083100000| Untracked |  0
|  22|0x0000000083200000, 0x0000000083300000, 0x0000000083300000|100%| O|  |TAMS 0x0000000083200000| PB 0x0000000083200000| Untracked |  0
|  23|0x0000000083300000, 0x0000000083400000, 0x0000000083400000|100%| O|  |TAMS 0x0000000083300000| PB 0x0000000083300000| Untracked |  0
|  24|0x0000000083400000, 0x0000000083500000, 0x0000000083500000|100%| O|  |TAMS 0x0000000083400000| PB 0x0000000083400000| Untracked |  0
|  25|0x0000000083500000, 0x0000000083600000, 0x0000000083600000|100%| O|Cm|TAMS 0x0000000083500000| PB 0x0000000083500000| Complete |  0
|  26|0x0000000083600000, 0x0000000083700000, 0x0000000083700000|100%| O|Cm|TAMS 0x0000000083600000| PB 0x0000000083600000| Complete |  0
|  27|0x0000000083700000, 0x0000000083800000, 0x0000000083800000|100%| O|Cm|TAMS 0x0000000083700000| PB 0x0000000083700000| Complete |  0
|  28|0x0000000083800000, 0x0000000083900000, 0x0000000083900000|100%| O|Cm|TAMS 0x0000000083800000| PB 0x0000000083800000| Complete |  0
|  29|0x0000000083900000, 0x0000000083a00000, 0x0000000083a00000|100%| O|Cm|TAMS 0x0000000083900000| PB 0x0000000083900000| Complete |  0
|  30|0x0000000083a00000, 0x0000000083b00000, 0x0000000083b00000|100%| O|  |TAMS 0x0000000083a00000| PB 0x0000000083a00000| Untracked |  0
|  31|0x0000000083b00000, 0x0000000083c00000, 0x0000000083c00000|100%| O|Cm|TAMS 0x0000000083b00000| PB 0x0000000083b00000| Complete |  0
|  32|0x0000000083c00000, 0x0000000083d00000, 0x0000000083d00000|100%| O|  |TAMS 0x0000000083c00000| PB 0x0000000083c00000| Untracked |  0
|  33|0x0000000083d00000, 0x0000000083e00000, 0x0000000083e00000|100%|HS|  |TAMS 0x0000000083d00000| PB 0x0000000083d00000| Complete |  0
|  34|0x0000000083e00000, 0x0000000083f00000, 0x0000000083f00000|100%|HC|  |TAMS 0x0000000083e00000| PB 0x0000000083e00000| Complete |  0
|  35|0x0000000083f00000, 0x0000000084000000, 0x0000000084000000|100%|HS|  |TAMS 0x0000000083f00000| PB 0x0000000083f00000| Complete |  0
|  36|0x0000000084000000, 0x0000000084100000, 0x0000000084100000|100%|HC|  |TAMS 0x0000000084000000| PB 0x0000000084000000| Complete |  0
|  37|0x0000000084100000, 0x0000000084200000, 0x0000000084200000|100%| O|  |TAMS 0x0000000084100000| PB 0x0000000084100000| Untracked |  0
|  38|0x0000000084200000, 0x0000000084300000, 0x0000000084300000|100%| O|Cm|TAMS 0x0000000084200000| PB 0x0000000084200000| Complete |  0
|  39|0x0000000084300000, 0x0000000084400000, 0x0000000084400000|100%|HS|  |TAMS 0x0000000084300000| PB 0x0000000084300000| Complete |  0
|  40|0x0000000084400000, 0x0000000084500000, 0x0000000084500000|100%| O|Cm|TAMS 0x0000000084400000| PB 0x0000000084400000| Complete |  0
|  41|0x0000000084500000, 0x0000000084600000, 0x0000000084600000|100%| O|Cm|TAMS 0x0000000084500000| PB 0x0000000084500000| Complete |  0
|  42|0x0000000084600000, 0x0000000084700000, 0x0000000084700000|100%| O|  |TAMS 0x0000000084600000| PB 0x0000000084600000| Untracked |  0
|  43|0x0000000084700000, 0x0000000084800000, 0x0000000084800000|100%|HS|  |TAMS 0x0000000084700000| PB 0x0000000084700000| Complete |  0
|  44|0x0000000084800000, 0x0000000084900000, 0x0000000084900000|100%|HC|  |TAMS 0x0000000084800000| PB 0x0000000084800000| Complete |  0
|  45|0x0000000084900000, 0x0000000084a00000, 0x0000000084a00000|100%|HS|  |TAMS 0x0000000084900000| PB 0x0000000084900000| Complete |  0
|  46|0x0000000084a00000, 0x0000000084b00000, 0x0000000084b00000|100%|HC|  |TAMS 0x0000000084a00000| PB 0x0000000084a00000| Complete |  0
|  47|0x0000000084b00000, 0x0000000084c00000, 0x0000000084c00000|100%|HS|  |TAMS 0x0000000084b00000| PB 0x0000000084b00000| Complete |  0
|  48|0x0000000084c00000, 0x0000000084d00000, 0x0000000084d00000|100%|HC|  |TAMS 0x0000000084c00000| PB 0x0000000084c00000| Complete |  0
|  49|0x0000000084d00000, 0x0000000084e00000, 0x0000000084e00000|100%|HS|  |TAMS 0x0000000084d00000| PB 0x0000000084d00000| Complete |  0
|  50|0x0000000084e00000, 0x0000000084f00000, 0x0000000084f00000|100%|HC|  |TAMS 0x0000000084e00000| PB 0x0000000084e00000| Complete |  0
|  51|0x0000000084f00000, 0x0000000085000000, 0x0000000085000000|100%| O|  |TAMS 0x0000000084f00000| PB 0x0000000084f00000| Untracked |  0
|  52|0x0000000085000000, 0x0000000085100000, 0x0000000085100000|100%| O|  |TAMS 0x0000000085000000| PB 0x0000000085000000| Untracked |  0
|  53|0x0000000085100000, 0x0000000085200000, 0x0000000085200000|100%| O|  |TAMS 0x0000000085100000| PB 0x0000000085100000| Untracked |  0
|  54|0x0000000085200000, 0x0000000085300000, 0x0000000085300000|100%|HS|  |TAMS 0x0000000085200000| PB 0x0000000085200000| Complete |  0
|  55|0x0000000085300000, 0x0000000085400000, 0x0000000085400000|100%|HC|  |TAMS 0x0000000085300000| PB 0x0000000085300000| Complete |  0
|  56|0x0000000085400000, 0x0000000085500000, 0x0000000085500000|100%|HS|  |TAMS 0x0000000085400000| PB 0x0000000085400000| Complete |  0
|  57|0x0000000085500000, 0x0000000085600000, 0x0000000085600000|100%|HC|  |TAMS 0x0000000085500000| PB 0x0000000085500000| Complete |  0
|  58|0x0000000085600000, 0x0000000085700000, 0x0000000085700000|100%|HS|  |TAMS 0x0000000085600000| PB 0x0000000085600000| Complete |  0
|  59|0x0000000085700000, 0x0000000085800000, 0x0000000085800000|100%|HC|  |TAMS 0x0000000085700000| PB 0x0000000085700000| Complete |  0
|  60|0x0000000085800000, 0x0000000085900000, 0x0000000085900000|100%|HS|  |TAMS 0x0000000085800000| PB 0x0000000085800000| Complete |  0
|  61|0x0000000085900000, 0x0000000085a00000, 0x0000000085a00000|100%|HC|  |TAMS 0x0000000085900000| PB 0x0000000085900000| Complete |  0
|  62|0x0000000085a00000, 0x0000000085b00000, 0x0000000085b00000|100%|HS|  |TAMS 0x0000000085a00000| PB 0x0000000085a00000| Complete |  0
|  63|0x0000000085b00000, 0x0000000085c00000, 0x0000000085c00000|100%|HC|  |TAMS 0x0000000085b00000| PB 0x0000000085b00000| Complete |  0
|  64|0x0000000085c00000, 0x0000000085d00000, 0x0000000085d00000|100%|HS|  |TAMS 0x0000000085c00000| PB 0x0000000085c00000| Complete |  0
|  65|0x0000000085d00000, 0x0000000085e00000, 0x0000000085e00000|100%|HC|  |TAMS 0x0000000085d00000| PB 0x0000000085d00000| Complete |  0
|  66|0x0000000085e00000, 0x0000000085f00000, 0x0000000085f00000|100%|HS|  |TAMS 0x0000000085e00000| PB 0x0000000085e00000| Complete |  0
|  67|0x0000000085f00000, 0x0000000086000000, 0x0000000086000000|100%|HC|  |TAMS 0x0000000085f00000| PB 0x0000000085f00000| Complete |  0
|  68|0x0000000086000000, 0x0000000086100000, 0x0000000086100000|100%|HS|  |TAMS 0x0000000086000000| PB 0x0000000086000000| Complete |  0
|  69|0x0000000086100000, 0x0000000086200000, 0x0000000086200000|100%| E|CS|TAMS 0x0000000086100000| PB 0x0000000086100000| Complete |  0
|  70|0x0000000086200000, 0x0000000086300000, 0x0000000086300000|100%| E|CS|TAMS 0x0000000086200000| PB 0x0000000086200000| Complete |  0
|  71|0x0000000086300000, 0x0000000086400000, 0x0000000086400000|100%| E|CS|TAMS 0x0000000086300000| PB 0x0000000086300000| Complete |  0
|  72|0x0000000086400000, 0x0000000086500000, 0x0000000086500000|100%| E|CS|TAMS 0x0000000086400000| PB 0x0000000086400000| Complete |  0
|  73|0x0000000086500000, 0x0000000086600000, 0x0000000086600000|100%| E|CS|TAMS 0x0000000086500000| PB 0x0000000086500000| Complete |  0
|  74|0x0000000086600000, 0x0000000086700000, 0x0000000086700000|100%| E|CS|TAMS 0x0000000086600000| PB 0x0000000086600000| Complete |  0
|  75|0x0000000086700000, 0x0000000086800000, 0x0000000086800000|100%| E|CS|TAMS 0x0000000086700000| PB 0x0000000086700000| Complete |  0
|  76|0x0000000086800000, 0x0000000086900000, 0x0000000086900000|100%| E|CS|TAMS 0x0000000086800000| PB 0x0000000086800000| Complete |  0
|  77|0x0000000086900000, 0x0000000086a00000, 0x0000000086a00000|100%| E|CS|TAMS 0x0000000086900000| PB 0x0000000086900000| Complete |  0
|  78|0x0000000086a00000, 0x0000000086b00000, 0x0000000086b00000|100%| E|CS|TAMS 0x0000000086a00000| PB 0x0000000086a00000| Complete |  0
|  79|0x0000000086b00000, 0x0000000086c00000, 0x0000000086c00000|100%| E|CS|TAMS 0x0000000086b00000| PB 0x0000000086b00000| Complete |  0
|  80|0x0000000086c00000, 0x0000000086d00000, 0x0000000086d00000|100%| E|CS|TAMS 0x0000000086c00000| PB 0x0000000086c00000| Complete |  0
|  81|0x0000000086d00000, 0x0000000086e00000, 0x0000000086e00000|100%| E|CS|TAMS 0x0000000086d00000| PB 0x0000000086d00000| Complete |  0
|  82|0x0000000086e00000, 0x0000000086f00000, 0x0000000086f00000|100%| E|CS|TAMS 0x0000000086e00000| PB 0x0000000086e00000| Complete |  0
|  83|0x0000000086f00000, 0x0000000087000000, 0x0000000087000000|100%| E|CS|TAMS 0x0000000086f00000| PB 0x0000000086f00000| Complete |  0
|  84|0x0000000087000000, 0x0000000087100000, 0x0000000087100000|100%| E|CS|TAMS 0x0000000087000000| PB 0x0000000087000000| Complete |  0
|  85|0x0000000087100000, 0x0000000087200000, 0x0000000087200000|100%| E|CS|TAMS 0x0000000087100000| PB 0x0000000087100000| Complete |  0
|  86|0x0000000087200000, 0x0000000087300000, 0x0000000087300000|100%| E|CS|TAMS 0x0000000087200000| PB 0x0000000087200000| Complete |  0
|  87|0x0000000087300000, 0x0000000087400000, 0x0000000087400000|100%| E|CS|TAMS 0x0000000087300000| PB 0x0000000087300000| Complete |  0
|  88|0x0000000087400000, 0x0000000087500000, 0x0000000087500000|100%| E|CS|TAMS 0x0000000087400000| PB 0x0000000087400000| Complete |  0
|  89|0x0000000087500000, 0x0000000087600000, 0x0000000087600000|100%| E|CS|TAMS 0x0000000087500000| PB 0x0000000087500000| Complete |  0
|  90|0x0000000087600000, 0x0000000087700000, 0x0000000087700000|100%| E|CS|TAMS 0x0000000087600000| PB 0x0000000087600000| Complete |  0
|  91|0x0000000087700000, 0x0000000087800000, 0x0000000087800000|100%| E|CS|TAMS 0x0000000087700000| PB 0x0000000087700000| Complete |  0
|  92|0x0000000087800000, 0x0000000087900000, 0x0000000087900000|100%| E|CS|TAMS 0x0000000087800000| PB 0x0000000087800000| Complete |  0
|  93|0x0000000087900000, 0x0000000087a00000, 0x0000000087a00000|100%| E|CS|TAMS 0x0000000087900000| PB 0x0000000087900000| Complete |  0
|  94|0x0000000087a00000, 0x0000000087b00000, 0x0000000087b00000|100%| E|CS|TAMS 0x0000000087a00000| PB 0x0000000087a00000| Complete |  0
|  95|0x0000000087b00000, 0x0000000087c00000, 0x0000000087c00000|100%| E|CS|TAMS 0x0000000087b00000| PB 0x0000000087b00000| Complete |  0
|  96|0x0000000087c00000, 0x0000000087d00000, 0x0000000087d00000|100%| E|CS|TAMS 0x0000000087c00000| PB 0x0000000087c00000| Complete |  0
|  97|0x0000000087d00000, 0x0000000087e00000, 0x0000000087e00000|100%| E|CS|TAMS 0x0000000087d00000| PB 0x0000000087d00000| Complete |  0
|  98|0x0000000087e00000, 0x0000000087f00000, 0x0000000087f00000|100%| E|CS|TAMS 0x0000000087e00000| PB 0x0000000087e00000| Complete |  0
|  99|0x0000000087f00000, 0x0000000088000000, 0x0000000088000000|100%| E|CS|TAMS 0x0000000087f00000| PB 0x0000000087f00000| Complete |  0
| 100|0x0000000088000000, 0x0000000088100000, 0x0000000088100000|100%| E|CS|TAMS 0x0000000088000000| PB 0x0000000088000000| Complete |  0
| 101|0x0000000088100000, 0x0000000088200000, 0x0000000088200000|100%| E|CS|TAMS 0x0000000088100000| PB 0x0000000088100000| Complete |  0
| 102|0x0000000088200000, 0x0000000088300000, 0x0000000088300000|100%| E|CS|TAMS 0x0000000088200000| PB 0x0000000088200000| Complete |  0
| 103|0x0000000088300000, 0x0000000088400000, 0x0000000088400000|100%| E|CS|TAMS 0x0000000088300000| PB 0x0000000088300000| Complete |  0
| 104|0x0000000088400000, 0x0000000088500000, 0x0000000088500000|100%| E|CS|TAMS 0x0000000088400000| PB 0x0000000088400000| Complete |  0
| 105|0x0000000088500000, 0x0000000088600000, 0x0000000088600000|100%| E|CS|TAMS 0x0000000088500000| PB 0x0000000088500000| Complete |  0
| 106|0x0000000088600000, 0x0000000088700000, 0x0000000088700000|100%| E|CS|TAMS 0x0000000088600000| PB 0x0000000088600000| Complete |  0
| 107|0x0000000088700000, 0x0000000088800000, 0x0000000088800000|100%| E|CS|TAMS 0x0000000088700000| PB 0x0000000088700000| Complete |  0
| 108|0x0000000088800000, 0x0000000088900000, 0x0000000088900000|100%| E|CS|TAMS 0x0000000088800000| PB 0x0000000088800000| Complete |  0
| 109|0x0000000088900000, 0x00000000889f24c0, 0x0000000088a00000| 94%| E|CS|TAMS 0x0000000088900000| PB 0x0000000088900000| Complete |  0
| 110|0x0000000088a00000, 0x0000000088b00000, 0x0000000088b00000|100%| E|CS|TAMS 0x0000000088a00000| PB 0x0000000088a00000| Complete |  0
| 111|0x0000000088b00000, 0x0000000088c00000, 0x0000000088c00000|100%| E|CS|TAMS 0x0000000088b00000| PB 0x0000000088b00000| Complete |  0
| 112|0x0000000088c00000, 0x0000000088d00000, 0x0000000088d00000|100%| S|  |TAMS 0x0000000088c00000| PB 0x0000000088c00000| Complete |  0
| 113|0x0000000088d00000, 0x0000000088e00000, 0x0000000088e00000|100%| S|  |TAMS 0x0000000088d00000| PB 0x0000000088d00000| Complete |  0
| 114|0x0000000088e00000, 0x0000000088f00000, 0x0000000088f00000|100%| S|  |TAMS 0x0000000088e00000| PB 0x0000000088e00000| Complete |  0
| 115|0x0000000088f00000, 0x0000000089000000, 0x0000000089000000|100%| S|  |TAMS 0x0000000088f00000| PB 0x0000000088f00000| Complete |  0
| 116|0x0000000089000000, 0x0000000089100000, 0x0000000089100000|100%| S|  |TAMS 0x0000000089000000| PB 0x0000000089000000| Complete |  0
| 117|0x0000000089100000, 0x0000000089200000, 0x0000000089200000|100%| S|  |TAMS 0x0000000089100000| PB 0x0000000089100000| Complete |  0
| 127|0x0000000089b00000, 0x0000000089c00000, 0x0000000089c00000|100%| E|CS|TAMS 0x0000000089b00000| PB 0x0000000089b00000| Complete |  0
|2015|0x00000000ffb00000, 0x00000000ffc00000, 0x00000000ffc00000|100%| O|  |TAMS 0x00000000ffb00000| PB 0x00000000ffb00000| Untracked |  0
|2016|0x00000000ffc00000, 0x00000000ffd00000, 0x00000000ffd00000|100%| O|  |TAMS 0x00000000ffc00000| PB 0x00000000ffc00000| Untracked |  0
|2017|0x00000000ffd00000, 0x00000000ffe00000, 0x00000000ffe00000|100%| O|  |TAMS 0x00000000ffd00000| PB 0x00000000ffd00000| Untracked |  0
|2018|0x00000000ffe00000, 0x00000000fff00000, 0x00000000fff00000|100%| O|  |TAMS 0x00000000ffe00000| PB 0x00000000ffe00000| Untracked |  0
|2019|0x00000000fff00000, 0x0000000100000000, 0x0000000100000000|100%| O|  |TAMS 0x00000000fff00000| PB 0x00000000fff00000| Untracked |  0

Card table byte_map: [0x00000191f2580000,0x00000191f2980000] _byte_map_base: 0x00000191f2172000

Marking Bits: (CMBitMap*) 0x00000191deb45ad0
 Bits: [0x00000191f2980000, 0x00000191f4910000)

Polling page: 0x00000191ddf30000

Metaspace:

Usage:
  Non-class:     37.92 MB used.
      Class:      4.66 MB used.
       Both:     42.58 MB used.

Virtual space:
  Non-class space:       64.00 MB reserved,      38.75 MB ( 61%) committed,  1 nodes.
      Class space:        1.00 GB reserved,       5.00 MB ( <1%) committed,  1 nodes.
             Both:        1.06 GB reserved,      43.75 MB (  4%) committed. 

Chunk freelists:
   Non-Class:  9.38 MB
       Class:  11.18 MB
        Both:  20.56 MB

MaxMetaspaceSize: unlimited
CompressedClassSpaceSize: 1.00 GB
Initial GC threshold: 21.00 MB
Current GC threshold: 72.94 MB
CDS: off
 - commit_granule_bytes: 65536.
 - commit_granule_words: 8192.
 - virtual_space_node_default_size: 8388608.
 - enlarge_chunks_in_place: 1.
 - use_allocation_guard: 0.


Internal statistics:

num_allocs_failed_limit: 6.
num_arena_births: 550.
num_arena_deaths: 4.
num_vsnodes_births: 2.
num_vsnodes_deaths: 0.
num_space_committed: 714.
num_space_uncommitted: 6.
num_chunks_returned_to_freelist: 105.
num_chunks_taken_from_freelist: 1857.
num_chunk_merges: 22.
num_chunk_splits: 1267.
num_chunks_enlarged: 955.
num_inconsistent_stats: 0.

CodeHeap 'non-profiled nmethods': size=120000Kb used=2932Kb max_used=3108Kb free=117067Kb
 bounds [0x00000191ea920000, 0x00000191eac30000, 0x00000191f1e50000]
CodeHeap 'profiled nmethods': size=120000Kb used=15097Kb max_used=16099Kb free=104903Kb
 bounds [0x00000191e2e50000, 0x00000191e3e20000, 0x00000191ea380000]
CodeHeap 'non-nmethods': size=5760Kb used=1529Kb max_used=1574Kb free=4231Kb
 bounds [0x00000191ea380000, 0x00000191ea5f0000, 0x00000191ea920000]
 total_blobs=7881 nmethods=7282 adapters=503
 compilation: enabled
              stopped_count=0, restarted_count=0
 full_count=0

Compilation events (20 events):
Event: 10.012 Thread 0x00000191f74924b0 8177       2       jdk.nio.zipfs.ZipFileSystem$EntryInputStream::read (128 bytes)
Event: 10.012 Thread 0x00000191f74924b0 nmethod 8177 0x00000191e3930010 code [0x00000191e3930220, 0x00000191e3930660]
Event: 10.021 Thread 0x00000191f74924b0 8178   !   2       jdk.nio.zipfs.ZipFileSystem::newInputStream (76 bytes)
Event: 10.021 Thread 0x00000191f74924b0 nmethod 8178 0x00000191e2f76110 code [0x00000191e2f763a0, 0x00000191e2f76a40]
Event: 10.021 Thread 0x00000191f74924b0 8179       2       jdk.nio.zipfs.ZipFileSystem::getEntry (62 bytes)
Event: 10.022 Thread 0x00000191f74924b0 nmethod 8179 0x00000191e3490510 code [0x00000191e3490700, 0x00000191e3490aa0]
Event: 10.022 Thread 0x00000191f74924b0 8180       2       jdk.nio.zipfs.ZipFileSystem$2::<init> (25 bytes)
Event: 10.022 Thread 0x00000191f74924b0 nmethod 8180 0x00000191e39bb490 code [0x00000191e39bb640, 0x00000191e39bb7e0]
Event: 10.022 Thread 0x00000191f74924b0 8181       2       jdk.nio.zipfs.ZipFileSystem$2::close (45 bytes)
Event: 10.022 Thread 0x00000191f74924b0 nmethod 8181 0x00000191e3a8ff90 code [0x00000191e3a90160, 0x00000191e3a90328]
Event: 10.030 Thread 0x00000191f74924b0 8182 % !   3       java.nio.file.Files::walkFileTree @ 19 (297 bytes)
Event: 10.033 Thread 0x00000191f74924b0 nmethod 8182% 0x00000191e3479990 code [0x00000191e3479e20, 0x00000191e347c038]
Event: 10.036 Thread 0x00000191f74924b0 8183       2       jdk.nio.zipfs.ZipFileSystem::isTrue (38 bytes)
Event: 10.036 Thread 0x00000191f74924b0 nmethod 8183 0x00000191e34f8710 code [0x00000191e34f88e0, 0x00000191e34f8b20]
Event: 10.045 Thread 0x00000191f7491df0 nmethod 8078 0x00000191eac29290 code [0x00000191eac29700, 0x00000191eac2da90]
Event: 10.046 Thread 0x00000191f7491df0 8171   !   4       java.nio.file.FileTreeWalker::next (144 bytes)
Event: 10.057 Thread 0x00000191f74924b0 8184   !   2       sun.nio.fs.WindowsNativeDispatcher::GetFileSecurity (60 bytes)
Event: 10.057 Thread 0x00000191f74924b0 nmethod 8184 0x00000191e37fda90 code [0x00000191e37fdc60, 0x00000191e37fdea8]
Event: 10.101 Thread 0x00000191f74924b0 8188       2       java.util.Collections$SingletonMap::containsKey (9 bytes)
Event: 10.102 Thread 0x00000191f74924b0 nmethod 8188 0x00000191e3479490 code [0x00000191e3479640, 0x00000191e34797b0]

GC Heap History (20 events):
Event: 3.464 GC heap after
{Heap after GC invocations=7 (full 0):
 garbage-first heap   total reserved 2068480K, committed 79872K, used 13224K [0x0000000081c00000, 0x0000000100000000)
  region size 1024K, 2 young (2048K), 2 survivors (2048K)
 Metaspace       used 28036K, committed 28288K, reserved 1114112K
  class space    used 3012K, committed 3136K, reserved 1048576K
}
Event: 4.174 GC heap before
{Heap before GC invocations=7 (full 0):
 garbage-first heap   total reserved 2068480K, committed 79872K, used 58280K [0x0000000081c00000, 0x0000000100000000)
  region size 1024K, 46 young (47104K), 2 survivors (2048K)
 Metaspace       used 28524K, committed 28800K, reserved 1114112K
  class space    used 3022K, committed 3136K, reserved 1048576K
}
Event: 4.183 GC heap after
{Heap after GC invocations=8 (full 0):
 garbage-first heap   total reserved 2068480K, committed 79872K, used 15889K [0x0000000081c00000, 0x0000000100000000)
  region size 1024K, 4 young (4096K), 4 survivors (4096K)
 Metaspace       used 28524K, committed 28800K, reserved 1114112K
  class space    used 3022K, committed 3136K, reserved 1048576K
}
Event: 5.103 GC heap before
{Heap before GC invocations=8 (full 0):
 garbage-first heap   total reserved 2068480K, committed 79872K, used 64017K [0x0000000081c00000, 0x0000000100000000)
  region size 1024K, 46 young (47104K), 4 survivors (4096K)
 Metaspace       used 32293K, committed 32640K, reserved 1114112K
  class space    used 3478K, committed 3648K, reserved 1048576K
}
Event: 5.124 GC heap after
{Heap after GC invocations=9 (full 0):
 garbage-first heap   total reserved 2068480K, committed 79872K, used 25156K [0x0000000081c00000, 0x0000000100000000)
  region size 1024K, 6 young (6144K), 6 survivors (6144K)
 Metaspace       used 32293K, committed 32640K, reserved 1114112K
  class space    used 3478K, committed 3648K, reserved 1048576K
}
Event: 5.395 GC heap before
{Heap before GC invocations=9 (full 0):
 garbage-first heap   total reserved 2068480K, committed 79872K, used 38468K [0x0000000081c00000, 0x0000000100000000)
  region size 1024K, 21 young (21504K), 6 survivors (6144K)
 Metaspace       used 35642K, committed 35968K, reserved 1114112K
  class space    used 3857K, committed 4032K, reserved 1048576K
}
Event: 5.409 GC heap after
{Heap after GC invocations=10 (full 0):
 garbage-first heap   total reserved 2068480K, committed 79872K, used 26547K [0x0000000081c00000, 0x0000000100000000)
  region size 1024K, 1 young (1024K), 1 survivors (1024K)
 Metaspace       used 35642K, committed 35968K, reserved 1114112K
  class space    used 3857K, committed 4032K, reserved 1048576K
}
Event: 6.333 GC heap before
{Heap before GC invocations=11 (full 0):
 garbage-first heap   total reserved 2068480K, committed 79872K, used 65459K [0x0000000081c00000, 0x0000000100000000)
  region size 1024K, 40 young (40960K), 1 survivors (1024K)
 Metaspace       used 37701K, committed 38016K, reserved 1114112K
  class space    used 4071K, committed 4224K, reserved 1048576K
}
Event: 6.348 GC heap after
{Heap after GC invocations=12 (full 0):
 garbage-first heap   total reserved 2068480K, committed 96256K, used 37888K [0x0000000081c00000, 0x0000000100000000)
  region size 1024K, 5 young (5120K), 5 survivors (5120K)
 Metaspace       used 37701K, committed 38016K, reserved 1114112K
  class space    used 4071K, committed 4224K, reserved 1048576K
}
Event: 7.084 GC heap before
{Heap before GC invocations=12 (full 0):
 garbage-first heap   total reserved 2068480K, committed 96256K, used 75776K [0x0000000081c00000, 0x0000000100000000)
  region size 1024K, 43 young (44032K), 5 survivors (5120K)
 Metaspace       used 39959K, committed 40384K, reserved 1114112K
  class space    used 4353K, committed 4544K, reserved 1048576K
}
Event: 7.092 GC heap after
{Heap after GC invocations=13 (full 0):
 garbage-first heap   total reserved 2068480K, committed 96256K, used 39292K [0x0000000081c00000, 0x0000000100000000)
  region size 1024K, 2 young (2048K), 2 survivors (2048K)
 Metaspace       used 39959K, committed 40384K, reserved 1114112K
  class space    used 4353K, committed 4544K, reserved 1048576K
}
Event: 7.648 GC heap before
{Heap before GC invocations=13 (full 0):
 garbage-first heap   total reserved 2068480K, committed 96256K, used 79228K [0x0000000081c00000, 0x0000000100000000)
  region size 1024K, 41 young (41984K), 2 survivors (2048K)
 Metaspace       used 41827K, committed 42368K, reserved 1114112K
  class space    used 4553K, committed 4800K, reserved 1048576K
}
Event: 7.654 GC heap after
{Heap after GC invocations=14 (full 0):
 garbage-first heap   total reserved 2068480K, committed 96256K, used 39646K [0x0000000081c00000, 0x0000000100000000)
  region size 1024K, 3 young (3072K), 3 survivors (3072K)
 Metaspace       used 41827K, committed 42368K, reserved 1114112K
  class space    used 4553K, committed 4800K, reserved 1048576K
}
Event: 8.457 GC heap before
{Heap before GC invocations=14 (full 0):
 garbage-first heap   total reserved 2068480K, committed 96256K, used 81630K [0x0000000081c00000, 0x0000000100000000)
  region size 1024K, 44 young (45056K), 3 survivors (3072K)
 Metaspace       used 42993K, committed 43520K, reserved 1114112K
  class space    used 4641K, committed 4864K, reserved 1048576K
}
Event: 8.471 GC heap after
{Heap after GC invocations=15 (full 0):
 garbage-first heap   total reserved 2068480K, committed 96256K, used 41984K [0x0000000081c00000, 0x0000000100000000)
  region size 1024K, 5 young (5120K), 5 survivors (5120K)
 Metaspace       used 42993K, committed 43520K, reserved 1114112K
  class space    used 4641K, committed 4864K, reserved 1048576K
}
Event: 8.916 GC heap before
{Heap before GC invocations=15 (full 0):
 garbage-first heap   total reserved 2068480K, committed 96256K, used 63488K [0x0000000081c00000, 0x0000000100000000)
  region size 1024K, 21 young (21504K), 5 survivors (5120K)
 Metaspace       used 44701K, committed 45248K, reserved 1114112K
  class space    used 4923K, committed 5120K, reserved 1048576K
}
Event: 8.934 GC heap after
{Heap after GC invocations=16 (full 0):
 garbage-first heap   total reserved 2068480K, committed 115712K, used 49638K [0x0000000081c00000, 0x0000000100000000)
  region size 1024K, 4 young (4096K), 4 survivors (4096K)
 Metaspace       used 44701K, committed 45248K, reserved 1114112K
  class space    used 4923K, committed 5120K, reserved 1048576K
}
Event: 8.996 GC heap before
{Heap before GC invocations=16 (full 0):
 garbage-first heap   total reserved 2068480K, committed 115712K, used 56806K [0x0000000081c00000, 0x0000000100000000)
  region size 1024K, 6 young (6144K), 4 survivors (4096K)
 Metaspace       used 44954K, committed 45504K, reserved 1114112K
  class space    used 4961K, committed 5184K, reserved 1048576K
}
Event: 9.004 GC heap after
{Heap after GC invocations=17 (full 0):
 garbage-first heap   total reserved 2068480K, committed 115712K, used 56404K [0x0000000081c00000, 0x0000000100000000)
  region size 1024K, 2 young (2048K), 2 survivors (2048K)
 Metaspace       used 44954K, committed 45504K, reserved 1114112K
  class space    used 4961K, committed 5184K, reserved 1048576K
}
Event: 10.111 GC heap before
{Heap before GC invocations=18 (full 0):
 garbage-first heap   total reserved 2068480K, committed 115712K, used 113748K [0x0000000081c00000, 0x0000000100000000)
  region size 1024K, 44 young (45056K), 2 survivors (2048K)
 Metaspace       used 43602K, committed 44800K, reserved 1114112K
  class space    used 4768K, committed 5120K, reserved 1048576K
}

Dll operation events (9 events):
Event: 0.019 Loaded shared library C:\Users\hp\.p2\pool\plugins\org.eclipse.justj.openjdk.hotspot.jre.full.win32.x86_64_22.0.2.v20240802-1626\jre\bin\java.dll
Event: 0.031 Loaded shared library C:\Users\hp\.p2\pool\plugins\org.eclipse.justj.openjdk.hotspot.jre.full.win32.x86_64_22.0.2.v20240802-1626\jre\bin\zip.dll
Event: 0.190 Loaded shared library C:\Users\hp\.p2\pool\plugins\org.eclipse.justj.openjdk.hotspot.jre.full.win32.x86_64_22.0.2.v20240802-1626\jre\bin\net.dll
Event: 0.193 Loaded shared library C:\Users\hp\.p2\pool\plugins\org.eclipse.justj.openjdk.hotspot.jre.full.win32.x86_64_22.0.2.v20240802-1626\jre\bin\nio.dll
Event: 0.207 Loaded shared library C:\Users\hp\.p2\pool\plugins\org.eclipse.justj.openjdk.hotspot.jre.full.win32.x86_64_22.0.2.v20240802-1626\jre\bin\zip.dll
Event: 0.481 Loaded shared library C:\Users\hp\.p2\pool\plugins\org.eclipse.justj.openjdk.hotspot.jre.full.win32.x86_64_22.0.2.v20240802-1626\jre\bin\jimage.dll
Event: 0.565 Loaded shared library C:\Users\hp\AppData\Local\Temp\jansi-2.4.1-62102a88829d273b-jansi.dll
Event: 1.873 Loaded shared library C:\Users\hp\.p2\pool\plugins\org.eclipse.justj.openjdk.hotspot.jre.full.win32.x86_64_22.0.2.v20240802-1626\jre\bin\verify.dll
Event: 2.337 Loaded shared library C:\Users\hp\.p2\pool\plugins\org.eclipse.justj.openjdk.hotspot.jre.full.win32.x86_64_22.0.2.v20240802-1626\jre\bin\extnet.dll

Deoptimization events (20 events):
Event: 9.933 Thread 0x00000191deaef570 DEOPT PACKING pc=0x00000191eabc1950 sp=0x0000003d9a8fd3f0
Event: 9.933 Thread 0x00000191deaef570 DEOPT UNPACKING pc=0x00000191ea3d46a2 sp=0x0000003d9a8fd3c0 mode 2
Event: 9.933 Thread 0x00000191deaef570 Uncommon trap: trap_request=0xffffffde fr.pc=0x00000191eabc1950 relative=0x0000000000001cd0
Event: 9.933 Thread 0x00000191deaef570 Uncommon trap: reason=class_check action=maybe_recompile pc=0x00000191eabc1950 method=com.sun.tools.javac.code.Symtab.lookupPackage(Lcom/sun/tools/javac/code/Symbol$ModuleSymbol;Lcom/sun/tools/javac/util/Name;Z)Lcom/sun/tools/javac/code/Symbol$PackageSymb
Event: 9.933 Thread 0x00000191deaef570 DEOPT PACKING pc=0x00000191eabc1950 sp=0x0000003d9a8fd3f0
Event: 9.933 Thread 0x00000191deaef570 DEOPT UNPACKING pc=0x00000191ea3d46a2 sp=0x0000003d9a8fd3c0 mode 2
Event: 9.933 Thread 0x00000191deaef570 Uncommon trap: trap_request=0xffffffde fr.pc=0x00000191eabc1950 relative=0x0000000000001cd0
Event: 9.933 Thread 0x00000191deaef570 Uncommon trap: reason=class_check action=maybe_recompile pc=0x00000191eabc1950 method=com.sun.tools.javac.code.Symtab.lookupPackage(Lcom/sun/tools/javac/code/Symbol$ModuleSymbol;Lcom/sun/tools/javac/util/Name;Z)Lcom/sun/tools/javac/code/Symbol$PackageSymb
Event: 9.933 Thread 0x00000191deaef570 DEOPT PACKING pc=0x00000191eabc1950 sp=0x0000003d9a8fd3f0
Event: 9.933 Thread 0x00000191deaef570 DEOPT UNPACKING pc=0x00000191ea3d46a2 sp=0x0000003d9a8fd3c0 mode 2
Event: 9.933 Thread 0x00000191deaef570 Uncommon trap: trap_request=0xffffffde fr.pc=0x00000191eabc1950 relative=0x0000000000001cd0
Event: 9.933 Thread 0x00000191deaef570 Uncommon trap: reason=class_check action=maybe_recompile pc=0x00000191eabc1950 method=com.sun.tools.javac.code.Symtab.lookupPackage(Lcom/sun/tools/javac/code/Symbol$ModuleSymbol;Lcom/sun/tools/javac/util/Name;Z)Lcom/sun/tools/javac/code/Symbol$PackageSymb
Event: 9.933 Thread 0x00000191deaef570 DEOPT PACKING pc=0x00000191eabc1950 sp=0x0000003d9a8fd3f0
Event: 9.933 Thread 0x00000191deaef570 DEOPT UNPACKING pc=0x00000191ea3d46a2 sp=0x0000003d9a8fd3c0 mode 2
Event: 9.941 Thread 0x00000191deaef570 DEOPT PACKING pc=0x00000191e379c3a1 sp=0x0000003d9a8fcc40
Event: 9.941 Thread 0x00000191deaef570 DEOPT UNPACKING pc=0x00000191ea3d4e42 sp=0x0000003d9a8fc1b0 mode 0
Event: 9.950 Thread 0x00000191deaef570 DEOPT PACKING pc=0x00000191e379c3a1 sp=0x0000003d9a8fcc40
Event: 9.950 Thread 0x00000191deaef570 DEOPT UNPACKING pc=0x00000191ea3d4e42 sp=0x0000003d9a8fc1b0 mode 0
Event: 9.960 Thread 0x00000191deaef570 DEOPT PACKING pc=0x00000191e379c3a1 sp=0x0000003d9a8fcc40
Event: 9.960 Thread 0x00000191deaef570 DEOPT UNPACKING pc=0x00000191ea3d4e42 sp=0x0000003d9a8fc1b0 mode 0

Classes loaded (20 events):
Event: 9.020 Loading class java/util/concurrent/ConcurrentLinkedDeque$Itr
Event: 9.020 Loading class java/util/concurrent/ConcurrentLinkedDeque$AbstractItr
Event: 9.020 Loading class java/util/concurrent/ConcurrentLinkedDeque$AbstractItr done
Event: 9.020 Loading class java/util/concurrent/ConcurrentLinkedDeque$Itr done
Event: 9.035 Loading class java/util/concurrent/ForkJoinPool
Event: 9.038 Loading class java/util/concurrent/ForkJoinPool done
Event: 9.038 Loading class java/util/concurrent/ForkJoinPool$ForkJoinWorkerThreadFactory
Event: 9.039 Loading class java/util/concurrent/ForkJoinPool$ForkJoinWorkerThreadFactory done
Event: 9.039 Loading class java/util/concurrent/CountDownLatch
Event: 9.039 Loading class java/util/concurrent/CountDownLatch done
Event: 9.039 Loading class java/util/concurrent/ForkJoinPool$WorkQueue
Event: 9.039 Loading class java/util/concurrent/ForkJoinPool$WorkQueue done
Event: 9.040 Loading class java/util/concurrent/ForkJoinTask
Event: 9.041 Loading class java/util/concurrent/ForkJoinTask done
Event: 9.042 Loading class java/util/concurrent/ForkJoinPool$DefaultForkJoinWorkerThreadFactory
Event: 9.043 Loading class java/util/concurrent/ForkJoinPool$DefaultForkJoinWorkerThreadFactory done
Event: 9.043 Loading class java/util/concurrent/ForkJoinPool$2
Event: 9.043 Loading class jdk/internal/access/JavaUtilConcurrentFJPAccess
Event: 9.043 Loading class jdk/internal/access/JavaUtilConcurrentFJPAccess done
Event: 9.043 Loading class java/util/concurrent/ForkJoinPool$2 done

Classes unloaded (20 events):
Event: 9.064 Thread 0x00000191f73a26b0 Unloading class 0x000000003f42e7e8 'lombok/javac/apt/MessagerDiagnosticsReceiver'
Event: 9.064 Thread 0x00000191f73a26b0 Unloading class 0x000000003f42e420 'lombok/javac/apt/InterceptingJavaFileManager'
Event: 9.064 Thread 0x00000191f73a26b0 Unloading class 0x000000003f42e218 'lombok/permit/dummy/Parent'
Event: 9.064 Thread 0x00000191f73a26b0 Unloading class 0x000000003f42e000 'lombok/core/CleanupRegistry'
Event: 9.064 Thread 0x00000191f73a26b0 Unloading class 0x000000003f42dde8 'lombok/permit/Permit$Fake'
Event: 9.064 Thread 0x00000191f73a26b0 Unloading class 0x000000003f42dbe8 'lombok/permit/Permit'
Event: 9.064 Thread 0x00000191f73a26b0 Unloading class 0x000000003f42d9f0 'lombok/core/DiagnosticsReceiver'
Event: 9.064 Thread 0x00000191f73a26b0 Unloading class 0x000000003f42d700 'lombok/javac/apt/LombokProcessor$1'
Event: 9.064 Thread 0x00000191f73a26b0 Unloading class 0x000000003f42d468 'lombok/javac/apt/LombokProcessor'
Event: 9.064 Thread 0x00000191f73a26b0 Unloading class 0x000000003f42d238 'lombok/core/AnnotationProcessor$EcjDescriptor'
Event: 9.064 Thread 0x00000191f73a26b0 Unloading class 0x000000003f42d000 'lombok/core/AnnotationProcessor$JavacDescriptor'
Event: 9.064 Thread 0x00000191f73a26b0 Unloading class 0x000000003f42ca80 'lombok/core/AnnotationProcessor$ProcessorDescriptor'
Event: 9.064 Thread 0x00000191f73a26b0 Unloading class 0x000000003f42c800 'lombok/core/AnnotationProcessor'
Event: 9.064 Thread 0x00000191f73a26b0 Unloading class 0x000000003f47b000 'lombok/launch/AnnotationProcessorHider$ClaimingProcessor'
Event: 9.064 Thread 0x00000191f73a26b0 Unloading class 0x000000003f42c498 'lombok/launch/AnnotationProcessorHider$AstModificationNotifierData'
Event: 9.064 Thread 0x00000191f73a26b0 Unloading class 0x000000003f42c218 'lombok/launch/ClassFileMetaData'
Event: 9.064 Thread 0x00000191f73a26b0 Unloading class 0x000000003f42c000 'lombok/launch/PackageShader'
Event: 9.064 Thread 0x00000191f73a26b0 Unloading class 0x000000003f404480 'lombok/launch/ShadowClassLoader'
Event: 9.064 Thread 0x00000191f73a26b0 Unloading class 0x000000003f404280 'lombok/launch/Main'
Event: 9.064 Thread 0x00000191f73a26b0 Unloading class 0x000000003f404000 'lombok/launch/AnnotationProcessorHider$AnnotationProcessor'

Classes redefined (0 events):
No events

Internal exceptions (20 events):
Event: 7.576 Thread 0x00000191deaef570 Exception <a 'sun/nio/fs/WindowsException'{0x00000000856b9ec8}> (0x00000000856b9ec8) 
thrown [s\src\hotspot\share\prims\jni.cpp, line 520]
Event: 7.581 Thread 0x00000191deaef570 Exception <a 'sun/nio/fs/WindowsException'{0x00000000855331b8}> (0x00000000855331b8) 
thrown [s\src\hotspot\share\prims\jni.cpp, line 520]
Event: 7.581 Thread 0x00000191deaef570 Exception <a 'sun/nio/fs/WindowsException'{0x0000000085533930}> (0x0000000085533930) 
thrown [s\src\hotspot\share\prims\jni.cpp, line 520]
Event: 7.581 Thread 0x00000191deaef570 Exception <a 'sun/nio/fs/WindowsException'{0x0000000085534e50}> (0x0000000085534e50) 
thrown [s\src\hotspot\share\prims\jni.cpp, line 520]
Event: 8.213 Thread 0x00000191fe1d3460 Exception <a 'java/lang/NoSuchMethodError'{0x0000000085fb51d8}: 'java.lang.Object java.lang.invoke.DirectMethodHandle$Holder.invokeStatic(java.lang.Object, long, java.lang.Object)'> (0x0000000085fb51d8) 
thrown [s\src\hotspot\share\interpreter\linkResolver.cpp, line 774]
Event: 8.213 Thread 0x00000191fe1d3460 Exception <a 'java/lang/NoSuchMethodError'{0x0000000085fb85b0}: 'java.lang.Object java.lang.invoke.DirectMethodHandle$Holder.invokeStaticInit(java.lang.Object, long, java.lang.Object)'> (0x0000000085fb85b0) 
thrown [s\src\hotspot\share\interpreter\linkResolver.cpp, line 774]
Event: 8.214 Thread 0x00000191fe1d3460 Exception <a 'java/lang/NoSuchMethodError'{0x0000000085fbdaa8}: 'java.lang.Object java.lang.invoke.DirectMethodHandle$Holder.newInvokeSpecial(java.lang.Object, long)'> (0x0000000085fbdaa8) 
thrown [s\src\hotspot\share\interpreter\linkResolver.cpp, line 774]
Event: 8.218 Thread 0x00000191fe1d3460 Exception <a 'java/lang/NoSuchMethodError'{0x0000000085fc2360}: 'long java.lang.invoke.DirectMethodHandle$Holder.invokeInterface(java.lang.Object, java.lang.Object)'> (0x0000000085fc2360) 
thrown [s\src\hotspot\share\interpreter\linkResolver.cpp, line 774]
Event: 8.219 Thread 0x00000191fe1d3460 Exception <a 'java/lang/NoSuchMethodError'{0x0000000085fc5848}: 'long java.lang.invoke.DelegatingMethodHandle$Holder.reinvoke_L(java.lang.Object, java.lang.Object)'> (0x0000000085fc5848) 
thrown [s\src\hotspot\share\interpreter\linkResolver.cpp, line 774]
Event: 8.983 Thread 0x00000191fe1d3460 Implicit null exception at 0x00000191eac05798 to 0x00000191eac05864
Event: 8.985 Thread 0x00000191fe1d4810 Implicit null exception at 0x00000191eab1ba8c to 0x00000191eab1bb54
Event: 9.103 Thread 0x00000191deaef570 Exception <a 'sun/nio/fs/WindowsException'{0x0000000089b6e9f0}> (0x0000000089b6e9f0) 
thrown [s\src\hotspot\share\prims\jni.cpp, line 520]
Event: 9.111 Thread 0x00000191deaef570 Exception <a 'sun/nio/fs/WindowsException'{0x0000000089b7aa30}> (0x0000000089b7aa30) 
thrown [s\src\hotspot\share\prims\jni.cpp, line 520]
Event: 9.447 Thread 0x00000191deaef570 Exception <a 'sun/nio/fs/WindowsException'{0x000000008870f7d8}> (0x000000008870f7d8) 
thrown [s\src\hotspot\share\prims\jni.cpp, line 520]
Event: 9.600 Thread 0x00000191deaef570 Exception <a 'sun/nio/fs/WindowsException'{0x0000000088723760}> (0x0000000088723760) 
thrown [s\src\hotspot\share\prims\jni.cpp, line 520]
Event: 9.932 Thread 0x00000191deaef570 Exception <a 'sun/nio/fs/WindowsException'{0x000000008767e7d0}> (0x000000008767e7d0) 
thrown [s\src\hotspot\share\prims\jni.cpp, line 520]
Event: 9.934 Thread 0x00000191deaef570 Exception <a 'sun/nio/fs/WindowsException'{0x000000008750f920}> (0x000000008750f920) 
thrown [s\src\hotspot\share\prims\jni.cpp, line 520]
Event: 9.980 Thread 0x00000191deaef570 Exception <a 'sun/nio/fs/WindowsException'{0x00000000872cb2f8}> (0x00000000872cb2f8) 
thrown [s\src\hotspot\share\prims\jni.cpp, line 520]
Event: 9.981 Thread 0x00000191deaef570 Exception <a 'sun/nio/fs/WindowsException'{0x00000000872cc088}> (0x00000000872cc088) 
thrown [s\src\hotspot\share\prims\jni.cpp, line 520]
Event: 9.981 Thread 0x00000191deaef570 Exception <a 'sun/nio/fs/WindowsException'{0x00000000872cce78}> (0x00000000872cce78) 
thrown [s\src\hotspot\share\prims\jni.cpp, line 520]

ZGC Phase Switch (0 events):
No events

VM Operations (20 events):
Event: 8.471 Executing VM operation: G1CollectForAllocation (G1 Evacuation Pause) done
Event: 8.630 Executing VM operation: HandshakeAllThreads (Deoptimize)
Event: 8.630 Executing VM operation: HandshakeAllThreads (Deoptimize) done
Event: 8.796 Executing VM operation: HandshakeAllThreads (Deoptimize)
Event: 8.796 Executing VM operation: HandshakeAllThreads (Deoptimize) done
Event: 8.824 Executing VM operation: HandshakeAllThreads (Deoptimize)
Event: 8.824 Executing VM operation: HandshakeAllThreads (Deoptimize) done
Event: 8.896 Executing VM operation: HandshakeAllThreads (Deoptimize)
Event: 8.896 Executing VM operation: HandshakeAllThreads (Deoptimize) done
Event: 8.915 Executing VM operation: G1TryInitiateConcMark (G1 Humongous Allocation)
Event: 8.934 Executing VM operation: G1TryInitiateConcMark (G1 Humongous Allocation) done
Event: 8.944 Executing VM operation: HandshakeAllThreads (Deoptimize)
Event: 8.944 Executing VM operation: HandshakeAllThreads (Deoptimize) done
Event: 8.987 Executing VM operation: G1TryInitiateConcMark (G1 Humongous Allocation)
Event: 9.005 Executing VM operation: G1TryInitiateConcMark (G1 Humongous Allocation) done
Event: 9.062 Executing VM operation: G1PauseRemark
Event: 9.082 Executing VM operation: G1PauseRemark done
Event: 9.105 Executing VM operation: G1PauseCleanup
Event: 9.106 Executing VM operation: G1PauseCleanup done
Event: 10.110 Executing VM operation: G1CollectForAllocation (G1 Evacuation Pause)

Memory protections (0 events):
No events

Nmethod flushes (20 events):
Event: 9.080 Thread 0x00000191f73a26b0 flushing  nmethod 0x00000191e31bd990
Event: 9.080 Thread 0x00000191f73a26b0 flushing  nmethod 0x00000191e3244e10
Event: 9.080 Thread 0x00000191f73a26b0 flushing  nmethod 0x00000191e3313610
Event: 9.080 Thread 0x00000191f73a26b0 flushing  nmethod 0x00000191e3411490
Event: 9.080 Thread 0x00000191f73a26b0 flushing  nmethod 0x00000191e3411990
Event: 9.080 Thread 0x00000191f73a26b0 flushing  nmethod 0x00000191e3412d90
Event: 9.080 Thread 0x00000191f73a26b0 flushing  nmethod 0x00000191e3418090
Event: 9.080 Thread 0x00000191f73a26b0 flushing  nmethod 0x00000191e3435910
Event: 9.080 Thread 0x00000191f73a26b0 flushing  nmethod 0x00000191e3435c90
Event: 9.080 Thread 0x00000191f73a26b0 flushing  nmethod 0x00000191e343ef90
Event: 9.080 Thread 0x00000191f73a26b0 flushing  nmethod 0x00000191e3444410
Event: 9.080 Thread 0x00000191f73a26b0 flushing  nmethod 0x00000191e34f8710
Event: 9.080 Thread 0x00000191f73a26b0 flushing  nmethod 0x00000191e39e8810
Event: 9.080 Thread 0x00000191f73a26b0 flushing  nmethod 0x00000191e39ede10
Event: 9.080 Thread 0x00000191f73a26b0 flushing  nmethod 0x00000191e39ef790
Event: 9.080 Thread 0x00000191f73a26b0 flushing  nmethod 0x00000191e39efe90
Event: 9.080 Thread 0x00000191f73a26b0 flushing  nmethod 0x00000191e39f3290
Event: 9.080 Thread 0x00000191f73a26b0 flushing  nmethod 0x00000191e39f4390
Event: 9.080 Thread 0x00000191f73a26b0 flushing  nmethod 0x00000191e39f4c10
Event: 9.080 Thread 0x00000191f73a26b0 flushing  nmethod 0x00000191e39f6b90

Events (20 events):
Event: 0.476 Thread 0x00000191deaef570 Thread added: 0x00000191fc1fec80
Event: 0.496 Thread 0x00000191fc1fec80 Thread exited: 0x00000191fc1fec80
Event: 8.197 Thread 0x00000191deaef570 Thread added: 0x00000191fe1d3460
Event: 8.221 Thread 0x00000191fe1d3460 Thread exited: 0x00000191fe1d3460
Event: 8.983 Thread 0x00000191deaef570 Thread added: 0x00000191fe1d3460
Event: 8.984 Thread 0x00000191deaef570 Thread added: 0x00000191fe1d4810
Event: 8.984 Thread 0x00000191deaef570 Thread added: 0x00000191fe1d2dd0
Event: 8.985 Thread 0x00000191deaef570 Thread added: 0x00000191fe1d5bc0
Event: 8.985 Thread 0x00000191deaef570 Thread added: 0x00000191fe1d6250
Event: 8.985 Thread 0x00000191deaef570 Thread added: 0x00000191fe1d4ea0
Event: 8.986 Thread 0x00000191deaef570 Thread added: 0x00000191fe1d3af0
Event: 8.986 Thread 0x00000191deaef570 Thread added: 0x00000191fe1d4180
Event: 9.056 Thread 0x00000191fe1d4810 Thread exited: 0x00000191fe1d4810
Event: 9.056 Thread 0x00000191fe1d3af0 Thread exited: 0x00000191fe1d3af0
Event: 9.056 Thread 0x00000191fe1d3460 Thread exited: 0x00000191fe1d3460
Event: 9.057 Thread 0x00000191fe1d4180 Thread exited: 0x00000191fe1d4180
Event: 9.057 Thread 0x00000191fe1d4ea0 Thread exited: 0x00000191fe1d4ea0
Event: 9.057 Thread 0x00000191fe1d6250 Thread exited: 0x00000191fe1d6250
Event: 9.057 Thread 0x00000191fe1d5bc0 Thread exited: 0x00000191fe1d5bc0
Event: 9.058 Thread 0x00000191fe1d2dd0 Thread exited: 0x00000191fe1d2dd0


Dynamic libraries:
0x00007ff713840000 - 0x00007ff71384e000 	C:\Users\hp\.p2\pool\plugins\org.eclipse.justj.openjdk.hotspot.jre.full.win32.x86_64_22.0.2.v20240802-1626\jre\bin\javaw.exe
0x00007ffdbc8d0000 - 0x00007ffdbcae7000 	C:\WINDOWS\SYSTEM32\ntdll.dll
0x00007ffdbba40000 - 0x00007ffdbbb04000 	C:\WINDOWS\System32\KERNEL32.DLL
0x00007ffdb9a40000 - 0x00007ffdb9e13000 	C:\WINDOWS\System32\KERNELBASE.dll
0x00007ffdba240000 - 0x00007ffdba351000 	C:\WINDOWS\System32\ucrtbase.dll
0x00007ffd68cb0000 - 0x00007ffd68cc7000 	C:\Users\hp\.p2\pool\plugins\org.eclipse.justj.openjdk.hotspot.jre.full.win32.x86_64_22.0.2.v20240802-1626\jre\bin\jli.dll
0x00007ffdba7a0000 - 0x00007ffdba951000 	C:\WINDOWS\System32\USER32.dll
0x00007ffdba530000 - 0x00007ffdba556000 	C:\WINDOWS\System32\win32u.dll
0x00007ffdbb340000 - 0x00007ffdbb369000 	C:\WINDOWS\System32\GDI32.dll
0x00007ffdba360000 - 0x00007ffdba482000 	C:\WINDOWS\System32\gdi32full.dll
0x00007ffdba490000 - 0x00007ffdba52a000 	C:\WINDOWS\System32\msvcp_win.dll
0x00007ffd9ee30000 - 0x00007ffd9ee4b000 	C:\Users\hp\.p2\pool\plugins\org.eclipse.justj.openjdk.hotspot.jre.full.win32.x86_64_22.0.2.v20240802-1626\jre\bin\VCRUNTIME140.dll
0x00007ffda1170000 - 0x00007ffda140b000 	C:\WINDOWS\WinSxS\amd64_microsoft.windows.common-controls_6595b64144ccf1df_6.0.22621.5262_none_2712bde373830908\COMCTL32.dll
0x00007ffdba960000 - 0x00007ffdbaa07000 	C:\WINDOWS\System32\msvcrt.dll
0x00007ffdbc280000 - 0x00007ffdbc2b1000 	C:\WINDOWS\System32\IMM32.DLL
0x00007ffd90e70000 - 0x00007ffd91151000 	C:\Windows\pcdrm\NSCCOR0364.DLL
0x00007ffdbbbd0000 - 0x00007ffdbbc81000 	C:\WINDOWS\System32\ADVAPI32.dll
0x00007ffdbbb10000 - 0x00007ffdbbbb7000 	C:\WINDOWS\System32\sechost.dll
0x00007ffdba010000 - 0x00007ffdba038000 	C:\WINDOWS\System32\bcrypt.dll
0x00007ffdbc160000 - 0x00007ffdbc274000 	C:\WINDOWS\System32\RPCRT4.dll
0x00007ffdbc6e0000 - 0x00007ffdbc881000 	C:\WINDOWS\System32\ole32.dll
0x00007ffdbc340000 - 0x00007ffdbc6d3000 	C:\WINDOWS\System32\combase.dll
0x00007ffdbb2b0000 - 0x00007ffdbb2b8000 	C:\WINDOWS\System32\psapi.dll
0x00007ffdb8b40000 - 0x00007ffdb8b74000 	C:\WINDOWS\SYSTEM32\ntmarta.dll
0x00007ffd911c0000 - 0x00007ffd911f2000 	C:\WINDOWS\pcdrm\NBID64.dll
0x00007ffdbbf50000 - 0x00007ffdbc027000 	C:\WINDOWS\System32\OLEAUT32.dll
0x00007ffd90d70000 - 0x00007ffd90da9000 	C:\WINDOWS\pcdrm\NFD0164.dll
0x00007ffdb0bf0000 - 0x00007ffdb0bfa000 	C:\WINDOWS\SYSTEM32\VERSION.dll
0x00007ffdb4370000 - 0x00007ffdb437c000 	C:\Users\hp\.p2\pool\plugins\org.eclipse.justj.openjdk.hotspot.jre.full.win32.x86_64_22.0.2.v20240802-1626\jre\bin\vcruntime140_1.dll
0x00007ffd95d30000 - 0x00007ffd95dbe000 	C:\Users\hp\.p2\pool\plugins\org.eclipse.justj.openjdk.hotspot.jre.full.win32.x86_64_22.0.2.v20240802-1626\jre\bin\msvcp140.dll
0x00007ffd4a500000 - 0x00007ffd4b2c3000 	C:\Users\hp\.p2\pool\plugins\org.eclipse.justj.openjdk.hotspot.jre.full.win32.x86_64_22.0.2.v20240802-1626\jre\bin\server\jvm.dll
0x00007ffdba720000 - 0x00007ffdba791000 	C:\WINDOWS\System32\WS2_32.dll
0x00007ffdb8d50000 - 0x00007ffdb8d9d000 	C:\WINDOWS\SYSTEM32\POWRPROF.dll
0x00007ffdb2480000 - 0x00007ffdb24b4000 	C:\WINDOWS\SYSTEM32\WINMM.dll
0x00007ffdb8d20000 - 0x00007ffdb8d33000 	C:\WINDOWS\SYSTEM32\UMPDC.dll
0x00007ffdb89c0000 - 0x00007ffdb89d8000 	C:\WINDOWS\SYSTEM32\kernel.appcore.dll
0x00007ffd8f030000 - 0x00007ffd8f03a000 	C:\Users\hp\.p2\pool\plugins\org.eclipse.justj.openjdk.hotspot.jre.full.win32.x86_64_22.0.2.v20240802-1626\jre\bin\jimage.dll
0x00007ffdb7550000 - 0x00007ffdb7782000 	C:\WINDOWS\SYSTEM32\DBGHELP.DLL
0x00007ffd979d0000 - 0x00007ffd97a02000 	C:\WINDOWS\SYSTEM32\dbgcore.DLL
0x00000191ddf80000 - 0x00000191ddffb000 	C:\WINDOWS\System32\bcryptPrimitives.dll
0x00007ffd68a30000 - 0x00007ffd68a4e000 	C:\Users\hp\.p2\pool\plugins\org.eclipse.justj.openjdk.hotspot.jre.full.win32.x86_64_22.0.2.v20240802-1626\jre\bin\java.dll
0x00000191e25b0000 - 0x00000191e2e4d000 	C:\WINDOWS\System32\SHELL32.dll
0x00007ffdba040000 - 0x00007ffdba17f000 	C:\WINDOWS\System32\wintypes.dll
0x00007ffd68a10000 - 0x00007ffd68a27000 	C:\Users\hp\.p2\pool\plugins\org.eclipse.justj.openjdk.hotspot.jre.full.win32.x86_64_22.0.2.v20240802-1626\jre\bin\zip.dll
0x00007ffdb7880000 - 0x00007ffdb819d000 	C:\WINDOWS\SYSTEM32\windows.storage.dll
0x00007ffdba560000 - 0x00007ffdba66b000 	C:\WINDOWS\System32\SHCORE.dll
0x00007ffdbc2c0000 - 0x00007ffdbc326000 	C:\WINDOWS\System32\shlwapi.dll
0x00007ffdb98f0000 - 0x00007ffdb991b000 	C:\WINDOWS\SYSTEM32\profapi.dll
0x00007ffd8c940000 - 0x00007ffd8c950000 	C:\Users\hp\.p2\pool\plugins\org.eclipse.justj.openjdk.hotspot.jre.full.win32.x86_64_22.0.2.v20240802-1626\jre\bin\net.dll
0x00007ffdb8f20000 - 0x00007ffdb8f8a000 	C:\WINDOWS\system32\mswsock.dll
0x00007ffd689f0000 - 0x00007ffd68a06000 	C:\Users\hp\.p2\pool\plugins\org.eclipse.justj.openjdk.hotspot.jre.full.win32.x86_64_22.0.2.v20240802-1626\jre\bin\nio.dll
0x00007ffd96b40000 - 0x00007ffd96b64000 	C:\Users\hp\AppData\Local\Temp\jansi-2.4.1-62102a88829d273b-jansi.dll
0x00007ffd9a720000 - 0x00007ffd9a730000 	C:\Users\hp\.p2\pool\plugins\org.eclipse.justj.openjdk.hotspot.jre.full.win32.x86_64_22.0.2.v20240802-1626\jre\bin\verify.dll
0x00007ffdb8440000 - 0x00007ffdb846d000 	C:\WINDOWS\SYSTEM32\IPHLPAPI.DLL
0x00007ffdbbbc0000 - 0x00007ffdbbbc9000 	C:\WINDOWS\System32\NSI.dll
0x00007ffdb1c00000 - 0x00007ffdb1c09000 	C:\Users\hp\.p2\pool\plugins\org.eclipse.justj.openjdk.hotspot.jre.full.win32.x86_64_22.0.2.v20240802-1626\jre\bin\extnet.dll

dbghelp: loaded successfully - version: 4.0.5 - missing functions: none
symbol engine: initialized successfully - sym options: 0x614 - pdb path: .;C:\Users\hp\.p2\pool\plugins\org.eclipse.justj.openjdk.hotspot.jre.full.win32.x86_64_22.0.2.v20240802-1626\jre\bin;C:\WINDOWS\SYSTEM32;C:\WINDOWS\WinSxS\amd64_microsoft.windows.common-controls_6595b64144ccf1df_6.0.22621.5262_none_2712bde373830908;C:\Windows\pcdrm;C:\Users\hp\.p2\pool\plugins\org.eclipse.justj.openjdk.hotspot.jre.full.win32.x86_64_22.0.2.v20240802-1626\jre\bin\server;C:\Users\hp\AppData\Local\Temp

VM Arguments:
jvm_args: -Dmaven.home=EMBEDDED -Dclassworlds.conf=C:\Users\hp\eclipse-workspace-2024\.metadata\.plugins\org.eclipse.m2e.launching\launches\m2conf498559872671579507.tmp -Dmaven.multiModuleProjectDirectory=C:\Users\hp\Desktop\Personal Expense Tracker\Github\Personal-Expense-Tracker-Application-master\expense-tracker -Dm2e.build.project.data.socket.port=61709 -Dfile.encoding=UTF-8 -Dstdout.encoding=UTF-8 -Dstderr.encoding=UTF-8 -XX:+ShowCodeDetailsInExceptionMessages 
java_command: org.codehaus.plexus.classworlds.launcher.Launcher -B -Dstyle.color=always install
java_class_path (initial): C:\Users\hp\.p2\pool\plugins\org.eclipse.m2e.maven.runtime_3.9.700.20240602-2313\jars\plexus-classworlds-2.8.0.jar
Launcher Type: SUN_STANDARD

[Global flags]
     intx CICompilerCount                          = 4                                         {product} {ergonomic}
     uint ConcGCThreads                            = 2                                         {product} {ergonomic}
     uint G1ConcRefinementThreads                  = 8                                         {product} {ergonomic}
   size_t G1HeapRegionSize                         = 1048576                                   {product} {ergonomic}
   size_t InitialHeapSize                          = 134217728                                 {product} {ergonomic}
   size_t MarkStackSize                            = 4194304                                   {product} {ergonomic}
   size_t MaxHeapSize                              = 2118123520                                {product} {ergonomic}
   size_t MaxNewSize                               = 1270874112                                {product} {ergonomic}
   size_t MinHeapDeltaBytes                        = 1048576                                   {product} {ergonomic}
   size_t MinHeapSize                              = 8388608                                   {product} {ergonomic}
    uintx NonNMethodCodeHeapSize                   = 5839372                                {pd product} {ergonomic}
    uintx NonProfiledCodeHeapSize                  = 122909434                              {pd product} {ergonomic}
    uintx ProfiledCodeHeapSize                     = 122909434                              {pd product} {ergonomic}
    uintx ReservedCodeCacheSize                    = 251658240                              {pd product} {ergonomic}
     bool SegmentedCodeCache                       = true                                      {product} {ergonomic}
     bool ShowCodeDetailsInExceptionMessages       = true                                   {manageable} {command line}
   size_t SoftMaxHeapSize                          = 2118123520                             {manageable} {ergonomic}
     bool UseCompressedOops                        = true                           {product lp64_product} {ergonomic}
     bool UseG1GC                                  = true                                      {product} {ergonomic}
     bool UseLargePagesIndividualAllocation        = false                                  {pd product} {ergonomic}

Logging:
Log output configuration:
 #0: stdout all=warning uptime,level,tags foldmultilines=false
 #1: stderr all=off uptime,level,tags foldmultilines=false

Environment Variables:
JAVA_HOME=C:\Program Files\Java\jdk-17
PATH=C:/Users/hp/.p2/pool/plugins/org.eclipse.justj.openjdk.hotspot.jre.full.win32.x86_64_22.0.2.v20240802-1626/jre/bin/server;C:/Users/hp/.p2/pool/plugins/org.eclipse.justj.openjdk.hotspot.jre.full.win32.x86_64_22.0.2.v20240802-1626/jre/bin;C:\Program Files\Common Files\Oracle\Java\javapath;C:\Python310\Scripts\;C:\Python310\;C:\Python37\Scripts\;C:\Python37\;C:\WINDOWS\system32;C:\WINDOWS;C:\WINDOWS\System32\Wbem;C:\WINDOWS\System32\WindowsPowerShell\v1.0\;C:\WINDOWS\System32\OpenSSH\;C:\Users\hp\Downloads\apache-maven-3.9.8-bin (1)\apache-maven-3.9.8\bin;C:\Program Files\Java\jdk-17;C:\Program Files\Git\cmd;C:\Program Files\nodejs\;C:\Program Files\Docker\Docker\resources\bin;C:\Program Files\MySQL\MySQL Shell 8.0\bin\;C:\Users\hp\AppData\Local\Microsoft\WindowsApps;C:\Users\hp\AppData\Local\Programs\Microsoft VS Code\bin;C:\Users\hp\AppData\Local\atom\bin;D:\App Development\flutter\bin;C:\Users\hp\AppData\Local\Microsoft\WindowsApps;C:\Users\hp\AppData\Local\GitHubDesktop\bin;C:\Users\hp\AppData\Roaming\npm;C:\WINDOWS\system32;
USERNAME=hp
OS=Windows_NT
PROCESSOR_IDENTIFIER=Intel64 Family 6 Model 142 Stepping 12, GenuineIntel
TMP=C:\Users\hp\AppData\Local\Temp
TEMP=C:\Users\hp\AppData\Local\Temp




Periodic native trim disabled

---------------  S Y S T E M  ---------------

OS:
 Windows 11 , 64 bit Build 22621 (10.0.22621.5262)
OS uptime: 2 days 7:30 hours
Hyper-V role detected

CPU: total 8 (initial active 8) (4 cores per cpu, 2 threads per core) family 6 model 142 stepping 12 microcode 0xde, cx8, cmov, fxsr, ht, mmx, 3dnowpref, sse, sse2, sse3, ssse3, sse4.1, sse4.2, popcnt, lzcnt, tsc, tscinvbit, avx, avx2, aes, erms, clmul, bmi1, bmi2, adx, fma, vzeroupper, clflush, clflushopt, hv, rdtscp, f16c
Processor Information for all 8 processors :
  Max Mhz: 1800, Current Mhz: 1600, Mhz Limit: 1584

Memory: 4k page, system-wide physical 8078M (303M free)
TotalPageFile size 10300M (AvailPageFile size 5M)
current process WorkingSet (physical memory assigned to process): 273M, peak: 273M
current process commit charge ("private bytes"): 305M, peak: 306M

vm_info: OpenJDK 64-Bit Server VM (22.0.2+9) for windows-amd64 JRE (22.0.2+9), built on 2024-07-16T00:00:00Z by "admin" with MS VC++ 17.7 (VS2022)

END.
